\BOOKMARK [1][-]{section.1}{\376\377\000G\000e\000n\000e\000r\000a\000l\000\040\000T\000a\000b\000l\000e}{}% 1
\BOOKMARK [2][-]{subsection.1.1}{\376\377\0002\0000\0002\0000\000\040\000G\000e\000n\000e\000r\000a\000l\000\040\000T\000a\000b\000l\000e}{section.1}% 2
\BOOKMARK [2][-]{subsection.1.2}{\376\377\0002\0000\0002\0001\000\040\000G\000e\000n\000e\000r\000a\000l\000\040\000T\000a\000b\000l\000e}{section.1}% 3
\BOOKMARK [2][-]{subsection.1.3}{\376\377\0002\0000\0002\0002\000\040\000G\000e\000n\000e\000r\000a\000l\000\040\000T\000a\000b\000l\000e}{section.1}% 4
\BOOKMARK [2][-]{subsection.1.4}{\376\377\0002\0000\0002\0003\000\040\000G\000e\000n\000e\000r\000a\000l\000\040\000T\000a\000b\000l\000e}{section.1}% 5
\BOOKMARK [1][-]{section.2}{\376\377\000E\000m\000p\000l\000o\000y\000e\000r\000\040\000D\000e\000t\000a\000i\000l}{}% 6
\BOOKMARK [2][-]{subsection.2.1}{\376\377\000A\0001\0002\0003\000\040\000S\000Y\000S\000T\000E\000M\000S\000:}{section.2}% 7
\BOOKMARK [2][-]{subsection.2.2}{\376\377\000A\000B\000B\000:}{section.2}% 8
\BOOKMARK [2][-]{subsection.2.3}{\376\377\000A\000B\000M\000\040\000C\000O\000N\000T\000R\000O\000L\000S\000:}{section.2}% 9
\BOOKMARK [2][-]{subsection.2.4}{\376\377\000A\000C\000C\000E\000N\000T\000U\000R\000E\000:}{section.2}% 10
\BOOKMARK [2][-]{subsection.2.5}{\376\377\000A\000C\000H\000R\000O\000N\000I\000X\000\040\000S\000E\000M\000I\000C\000O\000N\000D\000U\000C\000T\000O\000R\000\040\000C\000O\000R\000P\000O\000R\000A\000T\000I\000O\000N\000:}{section.2}% 11
\BOOKMARK [2][-]{subsection.2.6}{\376\377\000A\000C\000T\000A\000L\000E\000N\000T\000\040\000S\000E\000R\000V\000I\000C\000E\000S\000:}{section.2}% 12
\BOOKMARK [2][-]{subsection.2.7}{\376\377\000A\000C\000U\000I\000T\000Y\000\040\000B\000R\000A\000N\000D\000S\000\040\000L\000I\000G\000H\000T\000I\000N\000G\000:}{section.2}% 13
\BOOKMARK [2][-]{subsection.2.8}{\376\377\000A\000D\000E\000P\000T\000\040\000C\000H\000I\000P\000\040\000T\000E\000C\000H\000N\000O\000L\000O\000G\000I\000E\000S\000:}{section.2}% 14
\BOOKMARK [2][-]{subsection.2.9}{\376\377\000A\000D\000I\000\040\000W\000O\000R\000L\000D\000L\000I\000N\000K\000:}{section.2}% 15
\BOOKMARK [2][-]{subsection.2.10}{\376\377\000A\000D\000V\000A\000N\000C\000E\000D\000\040\000E\000N\000E\000R\000G\000Y\000\040\000I\000N\000D\000U\000S\000T\000R\000I\000E\000S\000:}{section.2}% 16
\BOOKMARK [2][-]{subsection.2.11}{\376\377\000A\000D\000V\000A\000N\000C\000E\000D\000\040\000M\000I\000C\000R\000O\000\040\000D\000E\000V\000I\000C\000E\000S\000:}{section.2}% 17
\BOOKMARK [2][-]{subsection.2.12}{\376\377\000A\000D\000V\000A\000N\000S\000O\000F\000T\000\040\000I\000N\000T\000E\000R\000N\000A\000T\000I\000O\000N\000A\000L\000:}{section.2}% 18
\BOOKMARK [2][-]{subsection.2.13}{\376\377\000A\000D\000V\000A\000N\000T\000E\000S\000T\000\040\000A\000M\000E\000R\000I\000C\000A\000:}{section.2}% 19
\BOOKMARK [2][-]{subsection.2.14}{\376\377\000A\000E\000C\000O\000M\000\040\000T\000E\000C\000H\000N\000I\000C\000A\000L\000\040\000S\000E\000R\000V\000I\000C\000E\000S\000:}{section.2}% 20
\BOOKMARK [2][-]{subsection.2.15}{\376\377\000A\000E\000S\000\040\000C\000L\000E\000A\000N\000\040\000E\000N\000E\000R\000G\000Y\000\040\000S\000E\000R\000V\000I\000C\000E\000S\000:}{section.2}% 21
\BOOKMARK [2][-]{subsection.2.16}{\376\377\000A\000E\000V\000A\000:}{section.2}% 22
\BOOKMARK [2][-]{subsection.2.17}{\376\377\000A\000F\000E\000:}{section.2}% 23
\BOOKMARK [2][-]{subsection.2.18}{\376\377\000A\000H\000A\000\040\000A\000N\000D\000\040\000O\000M\000E\000G\000A\000\040\000S\000E\000M\000I\000C\000O\000N\000D\000U\000C\000T\000O\000R\000\040\000O\000R\000P\000O\000R\000A\000T\000E\000D\000:}{section.2}% 24
\BOOKMARK [2][-]{subsection.2.19}{\376\377\000A\000H\000A\000-\000N\000U\000M\000E\000R\000O\000\040\000T\000E\000C\000H\000N\000O\000L\000O\000G\000Y\000\040\000S\000O\000L\000U\000T\000I\000O\000N\000S\000:}{section.2}% 25
\BOOKMARK [2][-]{subsection.2.20}{\376\377\000A\000I\000C\000\040\000I\000N\000T\000E\000R\000N\000A\000T\000I\000O\000N\000A\000L\000:}{section.2}% 26
\BOOKMARK [2][-]{subsection.2.21}{\376\377\000A\000I\000R\000S\000P\000A\000N\000\040\000N\000E\000T\000W\000O\000R\000K\000S\000:}{section.2}% 27
\BOOKMARK [2][-]{subsection.2.22}{\376\377\000A\000L\000C\000O\000N\000\040\000R\000E\000S\000E\000A\000R\000C\000H\000:}{section.2}% 28
\BOOKMARK [2][-]{subsection.2.23}{\376\377\000A\000L\000L\000E\000G\000R\000O\000\040\000M\000I\000C\000R\000O\000S\000Y\000S\000T\000E\000M\000S\000:}{section.2}% 29
\BOOKMARK [2][-]{subsection.2.24}{\376\377\000A\000L\000L\000I\000A\000N\000C\000E\000\040\000F\000O\000R\000\040\000S\000U\000S\000T\000A\000I\000N\000A\000B\000L\000E\000\040\000E\000N\000E\000R\000G\000Y\000:}{section.2}% 30
\BOOKMARK [2][-]{subsection.2.25}{\376\377\000A\000L\000S\000T\000O\000M\000:}{section.2}% 31
\BOOKMARK [2][-]{subsection.2.26}{\376\377\000A\000L\000T\000A\000I\000R\000\040\000P\000R\000O\000D\000U\000C\000T\000D\000E\000S\000I\000G\000N\000:}{section.2}% 32
\BOOKMARK [2][-]{subsection.2.27}{\376\377\000A\000L\000T\000E\000N\000\040\000T\000E\000C\000H\000N\000O\000L\000O\000G\000Y\000\040\000U\000S\000A\000:}{section.2}% 33
\BOOKMARK [2][-]{subsection.2.28}{\376\377\000A\000L\000T\000R\000A\000N\000\040\000E\000N\000G\000I\000N\000E\000E\000R\000I\000N\000G\000\040\000S\000O\000L\000U\000T\000I\000O\000N\000S\000:}{section.2}% 34
\BOOKMARK [2][-]{subsection.2.29}{\376\377\000A\000L\000T\000R\000A\000N\000\040\000S\000O\000F\000T\000W\000A\000R\000E\000\040\000U\000S\000:}{section.2}% 35
\BOOKMARK [2][-]{subsection.2.30}{\376\377\000A\000M\000A\000Z\000O\000N\000:}{section.2}% 36
\BOOKMARK [2][-]{subsection.2.31}{\376\377\000A\000M\000B\000A\000R\000E\000L\000L\000A\000\040\000C\000O\000R\000P\000:}{section.2}% 37
\BOOKMARK [2][-]{subsection.2.32}{\376\377\000A\000M\000B\000A\000R\000E\000L\000L\000A\000\040\000C\000O\000R\000P\000O\000R\000A\000T\000I\000O\000N\000:}{section.2}% 38
\BOOKMARK [2][-]{subsection.2.33}{\376\377\000A\000M\000B\000I\000Q\000\040\000M\000I\000C\000R\000O\000:}{section.2}% 39
\BOOKMARK [2][-]{subsection.2.34}{\376\377\000A\000M\000D\000O\000C\000S\000:}{section.2}% 40
\BOOKMARK [2][-]{subsection.2.35}{\376\377\000A\000M\000E\000R\000I\000C\000A\000N\000\040\000A\000X\000L\000E\000\040\000\046\000\040\000M\000A\000N\000U\000F\000A\000C\000T\000U\000R\000I\000N\000G\000:}{section.2}% 41
\BOOKMARK [2][-]{subsection.2.36}{\376\377\000A\000M\000E\000R\000I\000C\000A\000N\000\040\000E\000L\000E\000C\000T\000R\000I\000C\000\040\000P\000O\000W\000E\000R\000:}{section.2}% 42
\BOOKMARK [2][-]{subsection.2.37}{\376\377\000A\000M\000E\000R\000I\000C\000L\000O\000U\000D\000\040\000S\000O\000L\000U\000T\000I\000O\000N\000S\000:}{section.2}% 43
\BOOKMARK [2][-]{subsection.2.38}{\376\377\000A\000M\000E\000R\000I\000C\000L\000O\000U\000D\000\040\000T\000E\000L\000E\000C\000O\000M\000\040\000S\000O\000L\000U\000T\000I\000O\000N\000S\000:}{section.2}% 44
\BOOKMARK [2][-]{subsection.2.39}{\376\377\000A\000M\000P\000E\000R\000E\000\040\000C\000O\000M\000P\000U\000T\000I\000N\000G\000:}{section.2}% 45
\BOOKMARK [2][-]{subsection.2.40}{\376\377\000A\000N\000A\000L\000O\000G\000\040\000D\000E\000V\000I\000C\000E\000S\000:}{section.2}% 46
\BOOKMARK [2][-]{subsection.2.41}{\376\377\000A\000N\000O\000K\000I\000W\000A\000V\000E\000:}{section.2}% 47
\BOOKMARK [2][-]{subsection.2.42}{\376\377\000A\000N\000S\000Y\000S\000:}{section.2}% 48
\BOOKMARK [2][-]{subsection.2.43}{\376\377\000A\000P\000E\000X\000\040\000C\000L\000E\000A\000N\000\040\000E\000N\000E\000R\000G\000Y\000:}{section.2}% 49
\BOOKMARK [2][-]{subsection.2.44}{\376\377\000A\000P\000P\000L\000E\000:}{section.2}% 50
\BOOKMARK [2][-]{subsection.2.45}{\376\377\000A\000P\000P\000L\000I\000E\000D\000\040\000M\000A\000T\000E\000R\000I\000A\000L\000S\000:}{section.2}% 51
\BOOKMARK [2][-]{subsection.2.46}{\376\377\000A\000P\000P\000L\000I\000E\000D\000\040\000O\000P\000T\000O\000E\000L\000E\000C\000T\000R\000O\000N\000I\000C\000S\000:}{section.2}% 52
\BOOKMARK [2][-]{subsection.2.47}{\376\377\000A\000P\000T\000I\000V\000\040\000C\000O\000R\000P\000O\000R\000A\000T\000I\000O\000N\000:}{section.2}% 53
\BOOKMARK [2][-]{subsection.2.48}{\376\377\000A\000R\000C\000A\000D\000I\000S\000\040\000U\000S\000:}{section.2}% 54
\BOOKMARK [2][-]{subsection.2.49}{\376\377\000A\000R\000G\000O\000\040\000A\000I\000:}{section.2}% 55
\BOOKMARK [2][-]{subsection.2.50}{\376\377\000A\000R\000I\000C\000E\000N\000T\000\040\000N\000A\000:}{section.2}% 56
\BOOKMARK [2][-]{subsection.2.51}{\376\377\000A\000R\000I\000C\000E\000N\000T\000\040\000T\000E\000C\000H\000N\000O\000L\000O\000G\000I\000E\000S\000\040\000\050\000H\000O\000L\000D\000I\000N\000G\000S\000\051\000\040\000L\000T\000D\000:}{section.2}% 57
\BOOKMARK [2][-]{subsection.2.52}{\376\377\000A\000R\000M\000:}{section.2}% 58
\BOOKMARK [2][-]{subsection.2.53}{\376\377\000A\000R\000R\000I\000S\000\040\000G\000L\000O\000B\000A\000L\000\040\000S\000E\000R\000V\000I\000C\000E\000S\000:}{section.2}% 59
\BOOKMARK [2][-]{subsection.2.54}{\376\377\000A\000R\000R\000I\000V\000E\000R\000\040\000S\000O\000F\000T\000W\000A\000R\000E\000:}{section.2}% 60
\BOOKMARK [2][-]{subsection.2.55}{\376\377\000A\000R\000T\000E\000R\000I\000S\000:}{section.2}% 61
\BOOKMARK [2][-]{subsection.2.56}{\376\377\000A\000R\000U\000P\000\040\000N\000O\000R\000T\000H\000\040\000A\000M\000E\000R\000I\000C\000A\000\040\000L\000T\000D\000:}{section.2}% 62
\BOOKMARK [2][-]{subsection.2.57}{\376\377\000A\000R\000U\000P\000\040\000U\000S\000:}{section.2}% 63
\BOOKMARK [2][-]{subsection.2.58}{\376\377\000A\000S\000M\000\040\000A\000M\000E\000R\000I\000C\000A\000:}{section.2}% 64
\BOOKMARK [2][-]{subsection.2.59}{\376\377\000A\000S\000M\000L\000\040\000U\000S\000:}{section.2}% 65
\BOOKMARK [2][-]{subsection.2.60}{\376\377\000A\000S\000T\000E\000R\000A\000\040\000L\000A\000B\000S\000:}{section.2}% 66
\BOOKMARK [2][-]{subsection.2.61}{\376\377\000A\000T\000I\000E\000V\000A\000\040\000U\000S\000A\000:}{section.2}% 67
\BOOKMARK [2][-]{subsection.2.62}{\376\377\000A\000T\000L\000A\000N\000T\000A\000\040\000T\000R\000A\000D\000I\000N\000G\000\040\000\046\000\040\000E\000N\000G\000I\000N\000E\000E\000R\000I\000N\000G\000\040\000C\000O\000N\000S\000U\000L\000T\000I\000N\000G\000:}{section.2}% 68
\BOOKMARK [2][-]{subsection.2.63}{\376\377\000A\000T\000L\000A\000S\000\040\000W\000I\000R\000E\000L\000E\000S\000S\000\040\000A\000N\000D\000\040\000T\000E\000L\000E\000C\000O\000M\000M\000U\000N\000I\000C\000A\000T\000I\000O\000N\000S\000:}{section.2}% 69
\BOOKMARK [2][-]{subsection.2.64}{\376\377\000A\000T\000R\000O\000N\000I\000X\000\040\000A\000C\000Q\000U\000I\000S\000I\000T\000I\000O\000N\000\040\000C\000O\000R\000P\000:}{section.2}% 70
\BOOKMARK [2][-]{subsection.2.65}{\376\377\000A\000U\000M\000R\000A\000J\000:}{section.2}% 71
\BOOKMARK [2][-]{subsection.2.66}{\376\377\000A\000U\000R\000I\000S\000\040\000H\000E\000A\000L\000T\000H\000:}{section.2}% 72
\BOOKMARK [2][-]{subsection.2.67}{\376\377\000A\000U\000R\000O\000R\000A\000\040\000I\000N\000N\000O\000V\000A\000T\000I\000O\000N\000:}{section.2}% 73
\BOOKMARK [2][-]{subsection.2.68}{\376\377\000A\000U\000T\000O\000M\000A\000T\000E\000D\000\040\000B\000U\000I\000L\000D\000I\000N\000G\000\040\000M\000A\000N\000A\000G\000E\000M\000E\000N\000T\000\040\000S\000Y\000S\000T\000E\000M\000S\000:}{section.2}% 74
\BOOKMARK [2][-]{subsection.2.69}{\376\377\000A\000U\000T\000O\000M\000A\000T\000I\000O\000N\000\040\000S\000Y\000S\000T\000E\000M\000S\000\040\000\046\000\040\000D\000E\000S\000I\000G\000N\000:}{section.2}% 75
\BOOKMARK [2][-]{subsection.2.70}{\376\377\000A\000U\000T\000O\000M\000O\000T\000I\000V\000E\000\040\000R\000O\000B\000O\000T\000I\000C\000S\000:}{section.2}% 76
\BOOKMARK [2][-]{subsection.2.71}{\376\377\000A\000V\000A\000G\000O\000\040\000T\000E\000C\000H\000N\000O\000L\000O\000G\000I\000E\000S\000\040\000U\000S\000:}{section.2}% 77
\BOOKMARK [2][-]{subsection.2.72}{\376\377\000A\000V\000N\000E\000R\000A\000\040\000C\000O\000R\000P\000O\000R\000A\000T\000I\000O\000N\000:}{section.2}% 78
\BOOKMARK [2][-]{subsection.2.73}{\376\377\000A\000X\000I\000A\000D\000O\000\040\000C\000O\000R\000P\000O\000R\000A\000T\000I\000O\000N\000:}{section.2}% 79
\BOOKMARK [2][-]{subsection.2.74}{\376\377\000A\000Y\000\040\000D\000E\000E\000\040\000K\000A\000Y\000:}{section.2}% 80
\BOOKMARK [2][-]{subsection.2.75}{\376\377\000A\000Y\000A\000A\000N\000\040\000D\000B\000A\000\040\000G\000B\000S\000\040\000W\000I\000R\000E\000L\000E\000S\000S\000:}{section.2}% 81
\BOOKMARK [2][-]{subsection.2.76}{\376\377\000B\000A\000N\000N\000E\000R\000\040\000E\000N\000G\000I\000N\000E\000E\000R\000I\000N\000G\000\040\000C\000O\000R\000P\000:}{section.2}% 82
\BOOKMARK [2][-]{subsection.2.77}{\376\377\000B\000A\000T\000T\000E\000L\000L\000E\000\040\000M\000E\000M\000O\000R\000I\000A\000L\000\040\000I\000N\000S\000T\000I\000T\000U\000T\000E\000:}{section.2}% 83
\BOOKMARK [2][-]{subsection.2.78}{\376\377\000B\000A\000X\000A\000L\000T\000A\000\040\000U\000S\000:}{section.2}% 84
\BOOKMARK [2][-]{subsection.2.79}{\376\377\000B\000A\000Y\000E\000R\000\040\000U\000S\000:}{section.2}% 85
\BOOKMARK [2][-]{subsection.2.80}{\376\377\000B\000E\000N\000D\000I\000X\000\040\000C\000O\000M\000M\000E\000R\000C\000I\000A\000L\000\040\000V\000E\000H\000I\000C\000L\000E\000\040\000S\000Y\000S\000T\000E\000M\000S\000:}{section.2}% 86
\BOOKMARK [2][-]{subsection.2.81}{\376\377\000B\000I\000T\000S\000I\000L\000I\000C\000A\000:}{section.2}% 87
\BOOKMARK [2][-]{subsection.2.82}{\376\377\000B\000L\000A\000C\000K\000\040\000\046\000\040\000V\000E\000A\000T\000C\000H\000\040\000C\000O\000R\000P\000O\000R\000A\000T\000I\000O\000N\000:}{section.2}% 88
\BOOKMARK [2][-]{subsection.2.83}{\376\377\000B\000L\000A\000C\000K\000\040\000C\000O\000N\000S\000T\000R\000U\000C\000T\000I\000O\000N\000\040\000C\000O\000R\000P\000O\000R\000A\000T\000I\000O\000N\000:}{section.2}% 89
\BOOKMARK [2][-]{subsection.2.84}{\376\377\000B\000L\000O\000O\000M\000\040\000E\000N\000E\000R\000G\000Y\000\040\000C\000O\000R\000P\000O\000R\000A\000T\000I\000O\000N\000:}{section.2}% 90
\BOOKMARK [2][-]{subsection.2.85}{\376\377\000B\000O\000R\000G\000W\000A\000R\000N\000E\000R\000:}{section.2}% 91
\BOOKMARK [2][-]{subsection.2.86}{\376\377\000B\000O\000R\000N\000:}{section.2}% 92
\BOOKMARK [2][-]{subsection.2.87}{\376\377\000B\000R\000O\000A\000D\000C\000O\000M\000\040\000C\000O\000R\000P\000O\000R\000A\000T\000I\000O\000N\000:}{section.2}% 93
\BOOKMARK [2][-]{subsection.2.88}{\376\377\000B\000R\000O\000O\000K\000H\000A\000V\000E\000N\000\040\000N\000A\000T\000I\000O\000N\000A\000L\000\040\000L\000A\000B\000O\000R\000A\000T\000O\000R\000Y\000:}{section.2}% 94
\BOOKMARK [2][-]{subsection.2.89}{\376\377\000B\000U\000R\000N\000S\000\040\000\046\000\040\000M\000C\000D\000O\000N\000N\000E\000L\000L\000:}{section.2}% 95
\BOOKMARK [2][-]{subsection.2.90}{\376\377\000B\000U\000R\000N\000S\000\040\000E\000N\000G\000I\000N\000E\000E\000R\000I\000N\000G\000:}{section.2}% 96
\BOOKMARK [2][-]{subsection.2.91}{\376\377\000B\000Y\000O\000N\000D\000:}{section.2}% 97
\BOOKMARK [2][-]{subsection.2.92}{\376\377\000B\000Y\000T\000O\000N\000\040\000N\000O\000R\000T\000H\000\040\000A\000M\000E\000R\000I\000C\000A\000\040\000C\000O\000R\000P\000O\000R\000A\000T\000I\000O\000N\000:}{section.2}% 98
\BOOKMARK [2][-]{subsection.2.93}{\376\377\000C\000A\000D\000E\000N\000C\000E\000\040\000D\000E\000S\000I\000G\000N\000\040\000S\000Y\000S\000T\000E\000M\000S\000:}{section.2}% 99
\BOOKMARK [2][-]{subsection.2.94}{\376\377\000C\000A\000L\000I\000F\000O\000R\000N\000I\000A\000\040\000I\000N\000D\000E\000P\000E\000N\000D\000E\000N\000T\000\040\000S\000Y\000S\000T\000E\000M\000\040\000O\000P\000E\000R\000A\000T\000O\000R\000\040\000C\000O\000R\000P\000O\000R\000A\000T\000I\000O\000N\000:}{section.2}% 100
\BOOKMARK [2][-]{subsection.2.95}{\376\377\000C\000A\000L\000I\000F\000O\000R\000N\000I\000A\000\040\000I\000N\000S\000T\000I\000T\000U\000T\000E\000\040\000O\000F\000\040\000T\000E\000C\000H\000N\000O\000L\000O\000G\000Y\000/\000J\000E\000T\000\040\000P\000R\000O\000P\000U\000L\000S\000I\000O\000N\000\040\000L\000A\000B\000O\000R\000A\000T\000O\000R\000Y\000:}{section.2}% 101
\BOOKMARK [2][-]{subsection.2.96}{\376\377\000C\000A\000L\000S\000O\000F\000T\000\040\000L\000A\000B\000S\000:}{section.2}% 102
\BOOKMARK [2][-]{subsection.2.97}{\376\377\000C\000A\000N\000O\000O\000:}{section.2}% 103
\BOOKMARK [2][-]{subsection.2.98}{\376\377\000C\000A\000P\000G\000E\000M\000I\000N\000I\000\040\000A\000M\000E\000R\000I\000C\000A\000:}{section.2}% 104
\BOOKMARK [2][-]{subsection.2.99}{\376\377\000C\000A\000R\000E\000S\000O\000F\000T\000\040\000G\000L\000O\000B\000A\000L\000:}{section.2}% 105
\BOOKMARK [2][-]{subsection.2.100}{\376\377\000C\000A\000R\000E\000S\000O\000F\000T\000\040\000G\000L\000O\000B\000A\000L\000\040\000T\000E\000C\000H\000N\000O\000L\000O\000G\000I\000E\000S\000:}{section.2}% 106
\BOOKMARK [2][-]{subsection.2.101}{\376\377\000C\000A\000T\000E\000R\000P\000I\000L\000L\000A\000R\000:}{section.2}% 107
\BOOKMARK [2][-]{subsection.2.102}{\376\377\000C\000B\000\046\000I\000:}{section.2}% 108
\BOOKMARK [2][-]{subsection.2.103}{\376\377\000C\000E\000R\000I\000U\000M\000\040\000S\000Y\000S\000T\000E\000M\000S\000:}{section.2}% 109
\BOOKMARK [2][-]{subsection.2.104}{\376\377\000C\000H\0002\000M\000\040\000H\000I\000L\000L\000:}{section.2}% 110
\BOOKMARK [2][-]{subsection.2.105}{\376\377\000C\000H\000A\000R\000G\000E\000P\000O\000I\000N\000T\000:}{section.2}% 111
\BOOKMARK [2][-]{subsection.2.106}{\376\377\000C\000H\000I\000P\000O\000N\000T\000I\000M\000E\000\040\000T\000E\000C\000H\000N\000O\000L\000O\000G\000I\000E\000S\000\040\000U\000S\000A\000:}{section.2}% 112
\BOOKMARK [2][-]{subsection.2.107}{\376\377\000C\000I\000B\000E\000R\000\040\000G\000L\000O\000B\000A\000L\000:}{section.2}% 113
\BOOKMARK [2][-]{subsection.2.108}{\376\377\000C\000I\000R\000R\000U\000S\000\040\000L\000O\000G\000I\000C\000:}{section.2}% 114
\BOOKMARK [2][-]{subsection.2.109}{\376\377\000C\000I\000S\000C\000O\000\040\000S\000Y\000S\000T\000E\000M\000S\000:}{section.2}% 115
\BOOKMARK [2][-]{subsection.2.110}{\376\377\000C\000N\000H\000\040\000I\000N\000D\000U\000S\000T\000R\000I\000A\000L\000\040\000A\000M\000E\000R\000I\000C\000A\000:}{section.2}% 116
\BOOKMARK [2][-]{subsection.2.111}{\376\377\000C\000O\000M\000M\000O\000N\000W\000E\000A\000L\000T\000H\000\040\000E\000D\000I\000S\000O\000N\000\040\000A\000N\000\040\000E\000X\000E\000L\000O\000N\000\040\000C\000O\000M\000P\000A\000N\000Y\000:}{section.2}% 117
\BOOKMARK [2][-]{subsection.2.112}{\376\377\000C\000O\000M\000M\000S\000C\000O\000P\000E\000\040\000T\000E\000C\000H\000N\000O\000L\000O\000G\000I\000E\000S\000:}{section.2}% 118
\BOOKMARK [2][-]{subsection.2.113}{\376\377\000C\000O\000M\000M\000U\000N\000I\000C\000A\000T\000I\000O\000N\000S\000\040\000T\000E\000S\000T\000\040\000D\000E\000S\000I\000G\000N\000:}{section.2}% 119
\BOOKMARK [2][-]{subsection.2.114}{\376\377\000C\000O\000M\000P\000A\000S\000S\000:}{section.2}% 120
\BOOKMARK [2][-]{subsection.2.115}{\376\377\000C\000O\000N\000T\000I\000N\000E\000N\000T\000A\000L\000\040\000A\000U\000T\000O\000M\000O\000T\000I\000V\000E\000\040\000S\000Y\000S\000T\000E\000M\000S\000:}{section.2}% 121
\BOOKMARK [2][-]{subsection.2.116}{\376\377\000C\000O\000R\000D\000O\000B\000A\000\040\000C\000O\000R\000P\000:}{section.2}% 122
\BOOKMARK [2][-]{subsection.2.117}{\376\377\000C\000O\000R\000E\000\040\000T\000E\000C\000H\000\040\000C\000O\000N\000S\000T\000R\000U\000C\000T\000I\000O\000N\000\040\000C\000O\000R\000P\000O\000R\000A\000T\000I\000O\000N\000:}{section.2}% 123
\BOOKMARK [2][-]{subsection.2.118}{\376\377\000C\000O\000R\000E\000\040\000T\000E\000C\000H\000\040\000I\000N\000T\000E\000R\000N\000A\000T\000I\000O\000N\000A\000L\000\040\000C\000O\000R\000P\000O\000R\000A\000T\000I\000O\000N\000:}{section.2}% 124
\BOOKMARK [2][-]{subsection.2.119}{\376\377\000C\000O\000R\000N\000E\000L\000L\000\040\000U\000N\000I\000V\000E\000R\000S\000I\000T\000Y\000:}{section.2}% 125
\BOOKMARK [2][-]{subsection.2.120}{\376\377\000C\000O\000R\000N\000I\000N\000G\000\040\000O\000P\000T\000I\000C\000A\000L\000\040\000C\000O\000M\000M\000U\000N\000I\000C\000A\000T\000I\000O\000N\000S\000:}{section.2}% 126
\BOOKMARK [2][-]{subsection.2.121}{\376\377\000C\000O\000R\000N\000I\000N\000G\000\040\000O\000R\000P\000O\000R\000A\000T\000E\000D\000:}{section.2}% 127
\BOOKMARK [2][-]{subsection.2.122}{\376\377\000C\000O\000R\000N\000I\000N\000G\000\040\000R\000E\000S\000E\000A\000R\000C\000H\000\040\000\046\000\040\000D\000E\000V\000E\000L\000O\000P\000M\000E\000N\000T\000\040\000C\000O\000R\000P\000O\000R\000A\000T\000I\000O\000N\000:}{section.2}% 128
\BOOKMARK [2][-]{subsection.2.123}{\376\377\000C\000O\000R\000P\000O\000R\000A\000T\000E\000\040\000E\000M\000P\000L\000O\000Y\000M\000E\000N\000T\000\040\000R\000E\000S\000O\000U\000R\000C\000E\000S\000:}{section.2}% 129
\BOOKMARK [2][-]{subsection.2.124}{\376\377\000C\000O\000T\000M\000A\000C\000\040\000E\000L\000E\000C\000T\000R\000O\000N\000I\000C\000S\000:}{section.2}% 130
\BOOKMARK [2][-]{subsection.2.125}{\376\377\000C\000O\000V\000I\000D\000I\000E\000N\000:}{section.2}% 131
\BOOKMARK [2][-]{subsection.2.126}{\376\377\000C\000R\000E\000E\000:}{section.2}% 132
\BOOKMARK [2][-]{subsection.2.127}{\376\377\000C\000R\000U\000I\000S\000E\000:}{section.2}% 133
\BOOKMARK [2][-]{subsection.2.128}{\376\377\000C\000U\000M\000M\000I\000N\000S\000:}{section.2}% 134
\BOOKMARK [2][-]{subsection.2.129}{\376\377\000C\000Y\000I\000E\000N\000T\000:}{section.2}% 135
\BOOKMARK [2][-]{subsection.2.130}{\376\377\000C\000Y\000M\000E\000R\000:}{section.2}% 136
\BOOKMARK [2][-]{subsection.2.131}{\376\377\000C\000Y\000P\000R\000E\000S\000S\000\040\000S\000E\000M\000I\000C\000O\000N\000D\000U\000C\000T\000O\000R\000\040\000C\000O\000R\000P\000O\000R\000A\000T\000I\000O\000N\000:}{section.2}% 137
\BOOKMARK [2][-]{subsection.2.132}{\376\377\000D\000A\000N\000A\000\040\000H\000E\000A\000V\000Y\000\040\000V\000E\000H\000I\000C\000L\000E\000\040\000S\000Y\000S\000T\000E\000M\000S\000\040\000G\000R\000O\000U\000P\000:}{section.2}% 138
\BOOKMARK [2][-]{subsection.2.133}{\376\377\000D\000A\000N\000F\000O\000S\000S\000:}{section.2}% 139
\BOOKMARK [2][-]{subsection.2.134}{\376\377\000D\000A\000N\000F\000O\000S\000S\000\040\000P\000O\000W\000E\000R\000\040\000S\000O\000L\000U\000T\000I\000O\000N\000S\000\040\000\050\000U\000S\000\051\000\040\000C\000O\000M\000P\000A\000N\000Y\000:}{section.2}% 140
\BOOKMARK [2][-]{subsection.2.135}{\376\377\000D\000C\000\040\000G\000R\000O\000U\000P\000:}{section.2}% 141
\BOOKMARK [2][-]{subsection.2.136}{\376\377\000D\000E\000E\000R\000E\000\040\000\046\000\040\000C\000O\000M\000P\000A\000N\000Y\000:}{section.2}% 142
\BOOKMARK [2][-]{subsection.2.137}{\376\377\000D\000E\000H\000I\000\040\000T\000E\000C\000H\000N\000O\000L\000O\000G\000I\000E\000S\000\040\000S\000E\000R\000V\000I\000C\000E\000S\000:}{section.2}% 143
\BOOKMARK [2][-]{subsection.2.138}{\376\377\000D\000E\000L\000A\000R\000T\000\040\000T\000E\000C\000H\000N\000O\000L\000O\000G\000Y\000\040\000S\000E\000R\000V\000I\000C\000E\000S\000:}{section.2}% 144
\BOOKMARK [2][-]{subsection.2.139}{\376\377\000D\000E\000L\000L\000\040\000P\000R\000O\000D\000U\000C\000T\000S\000\040\000L\000P\000:}{section.2}% 145
\BOOKMARK [2][-]{subsection.2.140}{\376\377\000D\000E\000L\000T\000A\000\040\000E\000L\000E\000C\000T\000R\000O\000N\000I\000C\000S\000\040\000\050\000A\000M\000E\000R\000I\000C\000A\000S\000\051\000\040\000L\000T\000D\000:}{section.2}% 146
\BOOKMARK [2][-]{subsection.2.141}{\376\377\000D\000E\000M\000A\000T\000I\000C\000\040\000C\000O\000R\000P\000:}{section.2}% 147
\BOOKMARK [2][-]{subsection.2.142}{\376\377\000D\000E\000X\000T\000E\000R\000I\000T\000Y\000:}{section.2}% 148
\BOOKMARK [2][-]{subsection.2.143}{\376\377\000D\000I\000A\000L\000O\000G\000\040\000S\000E\000M\000I\000C\000O\000N\000D\000U\000C\000T\000O\000R\000:}{section.2}% 149
\BOOKMARK [2][-]{subsection.2.144}{\376\377\000D\000I\000D\000I\000\040\000R\000E\000S\000E\000A\000R\000C\000H\000\040\000A\000M\000E\000R\000I\000C\000A\000:}{section.2}% 150
\BOOKMARK [2][-]{subsection.2.145}{\376\377\000D\000I\000G\000I\000O\000I\000A\000\040\000G\000R\000A\000Y\000\040\000\046\000\040\000A\000S\000S\000O\000C\000I\000A\000T\000E\000S\000:}{section.2}% 151
\BOOKMARK [2][-]{subsection.2.146}{\376\377\000D\000I\000S\000H\000\040\000N\000E\000T\000W\000O\000R\000K\000:}{section.2}% 152
\BOOKMARK [2][-]{subsection.2.147}{\376\377\000D\000I\000S\000H\000\040\000W\000I\000R\000E\000L\000E\000S\000S\000:}{section.2}% 153
\BOOKMARK [2][-]{subsection.2.148}{\376\377\000D\000N\000V\000\040\000E\000N\000E\000R\000G\000Y\000\040\000U\000S\000A\000:}{section.2}% 154
\BOOKMARK [2][-]{subsection.2.149}{\376\377\000D\000O\000C\000O\000M\000O\000\040\000P\000A\000C\000I\000F\000I\000C\000:}{section.2}% 155
\BOOKMARK [2][-]{subsection.2.150}{\376\377\000D\000O\000O\000S\000A\000N\000\040\000U\000K\000U\000D\000U\000\040\000P\000O\000W\000E\000R\000:}{section.2}% 156
\BOOKMARK [2][-]{subsection.2.151}{\376\377\000D\000S\000I\000\040\000T\000E\000L\000E\000C\000O\000M\000:}{section.2}% 157
\BOOKMARK [2][-]{subsection.2.152}{\376\377\000D\000T\000E\000\040\000E\000L\000E\000C\000T\000R\000I\000C\000\040\000C\000O\000M\000P\000A\000N\000Y\000:}{section.2}% 158
\BOOKMARK [2][-]{subsection.2.153}{\376\377\000D\000U\000K\000E\000\040\000U\000N\000I\000V\000E\000R\000S\000I\000T\000Y\000\040\000A\000N\000D\000\040\000H\000E\000A\000L\000T\000H\000\040\000S\000Y\000S\000T\000E\000M\000:}{section.2}% 159
\BOOKMARK [2][-]{subsection.2.154}{\376\377\000E\000A\000S\000I\000:}{section.2}% 160
\BOOKMARK [2][-]{subsection.2.155}{\376\377\000E\000A\000T\000O\000N\000\040\000C\000O\000R\000P\000O\000R\000A\000T\000I\000O\000N\000:}{section.2}% 161
\BOOKMARK [2][-]{subsection.2.156}{\376\377\000E\000D\000P\000\040\000R\000E\000N\000E\000W\000A\000B\000L\000E\000S\000\040\000N\000O\000R\000T\000H\000\040\000A\000M\000E\000R\000I\000C\000A\000:}{section.2}% 162
\BOOKMARK [2][-]{subsection.2.157}{\376\377\000E\000I\000N\000F\000O\000C\000H\000I\000P\000S\000:}{section.2}% 163
\BOOKMARK [2][-]{subsection.2.158}{\376\377\000E\000L\000E\000C\000T\000R\000I\000C\000\040\000P\000O\000W\000E\000R\000\040\000G\000R\000O\000U\000P\000:}{section.2}% 164
\BOOKMARK [2][-]{subsection.2.159}{\376\377\000E\000L\000E\000C\000T\000R\000I\000C\000\040\000P\000O\000W\000E\000R\000\040\000R\000E\000S\000E\000A\000R\000C\000H\000\040\000I\000N\000S\000T\000I\000T\000U\000T\000E\000:}{section.2}% 165
\BOOKMARK [2][-]{subsection.2.160}{\376\377\000E\000L\000E\000C\000T\000R\000I\000C\000\040\000P\000O\000W\000E\000R\000\040\000S\000Y\000S\000T\000E\000M\000S\000\040\000I\000N\000T\000E\000R\000N\000A\000T\000I\000O\000N\000A\000L\000:}{section.2}% 166
\BOOKMARK [2][-]{subsection.2.161}{\376\377\000E\000L\000E\000C\000T\000R\000I\000C\000\040\000R\000E\000L\000I\000A\000B\000I\000L\000I\000T\000Y\000\040\000C\000O\000U\000N\000C\000I\000L\000\040\000O\000F\000\040\000T\000E\000X\000A\000S\000:}{section.2}% 167
\BOOKMARK [2][-]{subsection.2.162}{\376\377\000E\000M\000B\000\040\000E\000L\000E\000C\000T\000R\000I\000C\000A\000L\000:}{section.2}% 168
\BOOKMARK [2][-]{subsection.2.163}{\376\377\000E\000M\000C\0002\000\040\000E\000L\000E\000C\000T\000R\000I\000C\000A\000L\000:}{section.2}% 169
\BOOKMARK [2][-]{subsection.2.164}{\376\377\000E\000N\000\040\000E\000N\000G\000I\000N\000E\000E\000R\000I\000N\000G\000:}{section.2}% 170
\BOOKMARK [2][-]{subsection.2.165}{\376\377\000E\000N\000E\000R\000S\000Y\000S\000\040\000D\000E\000L\000A\000W\000A\000R\000E\000:}{section.2}% 171
\BOOKMARK [2][-]{subsection.2.166}{\376\377\000E\000N\000F\000A\000B\000R\000I\000C\000A\000\040\000C\000O\000R\000P\000O\000R\000A\000T\000I\000O\000N\000:}{section.2}% 172
\BOOKMARK [2][-]{subsection.2.167}{\376\377\000E\000N\000G\000I\000N\000E\000E\000R\000I\000N\000G\000\040\000W\000I\000R\000E\000L\000E\000S\000S\000\040\000S\000E\000R\000V\000I\000C\000E\000S\000:}{section.2}% 173
\BOOKMARK [2][-]{subsection.2.168}{\376\377\000E\000N\000P\000H\000A\000S\000E\000\040\000E\000N\000E\000R\000G\000Y\000:}{section.2}% 174
\BOOKMARK [2][-]{subsection.2.169}{\376\377\000E\000N\000T\000E\000R\000G\000Y\000\040\000S\000E\000R\000V\000I\000C\000E\000S\000:}{section.2}% 175
\BOOKMARK [2][-]{subsection.2.170}{\376\377\000E\000P\000I\000T\000E\000C\000:}{section.2}% 176
\BOOKMARK [2][-]{subsection.2.171}{\376\377\000E\000R\000I\000C\000S\000S\000O\000N\000:}{section.2}% 177
\BOOKMARK [2][-]{subsection.2.172}{\376\377\000E\000S\000G\000\040\000A\000U\000T\000O\000M\000O\000T\000I\000V\000E\000:}{section.2}% 178
\BOOKMARK [2][-]{subsection.2.173}{\376\377\000E\000V\000S\000:}{section.2}% 179
\BOOKMARK [2][-]{subsection.2.174}{\376\377\000E\000X\000I\000M\000I\000U\000S\000\040\000D\000E\000S\000I\000G\000N\000:}{section.2}% 180
\BOOKMARK [2][-]{subsection.2.175}{\376\377\000F\000A\000K\000O\000U\000R\000I\000\040\000E\000L\000E\000C\000T\000R\000I\000C\000A\000L\000\040\000E\000N\000G\000I\000N\000E\000E\000R\000I\000N\000G\000:}{section.2}% 181
\BOOKMARK [2][-]{subsection.2.176}{\376\377\000F\000A\000R\000A\000D\000A\000Y\000\040\000\046\000\040\000F\000U\000T\000U\000R\000E\000:}{section.2}% 182
\BOOKMARK [2][-]{subsection.2.177}{\376\377\000F\000C\000A\000\040\000U\000S\000:}{section.2}% 183
\BOOKMARK [2][-]{subsection.2.178}{\376\377\000F\000E\000R\000M\000I\000\040\000R\000E\000S\000E\000A\000R\000C\000H\000\040\000A\000L\000L\000I\000A\000N\000C\000E\000:}{section.2}% 184
\BOOKMARK [2][-]{subsection.2.179}{\376\377\000F\000I\000I\000\040\000U\000S\000A\000:}{section.2}% 185
\BOOKMARK [2][-]{subsection.2.180}{\376\377\000F\000I\000V\000E\000S\000\040\000D\000Y\000A\000G\000\040\000C\000O\000R\000P\000O\000R\000A\000T\000I\000O\000N\000:}{section.2}% 186
\BOOKMARK [2][-]{subsection.2.181}{\376\377\000F\000L\000E\000X\000\040\000L\000O\000G\000I\000X\000\040\000T\000E\000C\000H\000N\000O\000L\000O\000G\000I\000E\000S\000:}{section.2}% 187
\BOOKMARK [2][-]{subsection.2.182}{\376\377\000F\000L\000E\000X\000T\000R\000O\000N\000I\000C\000S\000\040\000I\000N\000T\000E\000R\000N\000A\000T\000I\000O\000N\000A\000L\000\040\000U\000S\000A\000:}{section.2}% 188
\BOOKMARK [2][-]{subsection.2.183}{\376\377\000F\000L\000U\000E\000N\000C\000E\000\040\000E\000N\000E\000R\000G\000Y\000:}{section.2}% 189
\BOOKMARK [2][-]{subsection.2.184}{\376\377\000F\000O\000R\000D\000\040\000M\000O\000T\000O\000R\000\040\000C\000O\000M\000P\000A\000N\000Y\000:}{section.2}% 190
\BOOKMARK [2][-]{subsection.2.185}{\376\377\000F\000O\000R\000M\000F\000A\000C\000T\000O\000R\000:}{section.2}% 191
\BOOKMARK [2][-]{subsection.2.186}{\376\377\000F\000U\000R\000T\000H\000E\000R\000:}{section.2}% 192
\BOOKMARK [2][-]{subsection.2.187}{\376\377\000F\000U\000R\000T\000H\000E\000R\000\040\000E\000N\000T\000E\000R\000P\000R\000I\000S\000E\000\040\000S\000O\000L\000U\000T\000I\000O\000N\000S\000:}{section.2}% 193
\BOOKMARK [2][-]{subsection.2.188}{\376\377\000G\000A\000R\000M\000I\000N\000\040\000I\000N\000T\000E\000R\000N\000A\000T\000I\000O\000N\000A\000L\000:}{section.2}% 194
\BOOKMARK [2][-]{subsection.2.189}{\376\377\000G\000C\000O\000R\000P\000\040\000I\000N\000T\000E\000R\000N\000A\000T\000I\000O\000N\000A\000L\000:}{section.2}% 195
\BOOKMARK [2][-]{subsection.2.190}{\376\377\000G\000E\000N\000E\000R\000A\000L\000\040\000E\000L\000E\000C\000T\000R\000I\000C\000:}{section.2}% 196
\BOOKMARK [2][-]{subsection.2.191}{\376\377\000G\000E\000N\000E\000R\000A\000L\000\040\000M\000O\000T\000O\000R\000S\000\040\000C\000O\000M\000P\000A\000N\000Y\000:}{section.2}% 197
\BOOKMARK [2][-]{subsection.2.192}{\376\377\000G\000E\000O\000R\000G\000I\000A\000\040\000I\000N\000S\000T\000I\000T\000U\000T\000E\000\040\000O\000F\000\040\000T\000E\000C\000H\000N\000O\000L\000O\000G\000Y\000:}{section.2}% 198
\BOOKMARK [2][-]{subsection.2.193}{\376\377\000G\000L\000O\000B\000A\000L\000\040\000T\000E\000C\000H\000N\000O\000L\000O\000G\000Y\000\040\000A\000S\000S\000O\000C\000I\000A\000T\000E\000S\000:}{section.2}% 199
\BOOKMARK [2][-]{subsection.2.194}{\376\377\000G\000L\000O\000B\000A\000L\000F\000O\000U\000N\000D\000R\000I\000E\000S\000\040\000U\000S\000:}{section.2}% 200
\BOOKMARK [2][-]{subsection.2.195}{\376\377\000G\000L\000O\000B\000A\000L\000F\000O\000U\000N\000D\000R\000I\000E\000S\000\040\000U\000S\000\040\0002\000:}{section.2}% 201
\BOOKMARK [2][-]{subsection.2.196}{\376\377\000G\000L\000O\000W\000\040\000N\000E\000T\000W\000O\000R\000K\000S\000:}{section.2}% 202
\BOOKMARK [2][-]{subsection.2.197}{\376\377\000G\000O\000O\000D\000I\000X\000\040\000T\000E\000C\000H\000N\000O\000L\000O\000G\000Y\000:}{section.2}% 203
\BOOKMARK [2][-]{subsection.2.198}{\376\377\000G\000O\000O\000D\000M\000A\000N\000\040\000M\000A\000N\000U\000F\000A\000C\000T\000U\000R\000I\000N\000G\000\040\000C\000O\000M\000P\000A\000N\000Y\000\040\000L\000P\000:}{section.2}% 204
\BOOKMARK [2][-]{subsection.2.199}{\376\377\000G\000O\000O\000G\000L\000E\000:}{section.2}% 205
\BOOKMARK [2][-]{subsection.2.200}{\376\377\000G\000O\000P\000R\000O\000:}{section.2}% 206
\BOOKMARK [2][-]{subsection.2.201}{\376\377\000G\000R\000O\000Q\000:}{section.2}% 207
\BOOKMARK [2][-]{subsection.2.202}{\376\377\000G\000S\000P\000A\000N\000N\000\040\000T\000E\000C\000H\000N\000O\000L\000O\000G\000I\000E\000S\000:}{section.2}% 208
\BOOKMARK [2][-]{subsection.2.203}{\376\377\000G\000T\000E\000C\000H\000:}{section.2}% 209
\BOOKMARK [2][-]{subsection.2.204}{\376\377\000G\000U\000A\000M\000\040\000A\000D\000V\000A\000N\000C\000E\000\040\000E\000N\000T\000E\000R\000P\000R\000I\000S\000E\000S\000:}{section.2}% 210
\BOOKMARK [2][-]{subsection.2.205}{\376\377\000G\000U\000L\000F\000S\000T\000R\000E\000A\000M\000\040\000A\000E\000R\000O\000S\000P\000A\000C\000E\000\040\000C\000O\000R\000P\000O\000R\000A\000T\000I\000O\000N\000:}{section.2}% 211
\BOOKMARK [2][-]{subsection.2.206}{\376\377\000H\000A\000L\000L\000I\000B\000U\000R\000T\000O\000N\000\040\000E\000N\000E\000R\000G\000Y\000\040\000S\000E\000R\000V\000I\000C\000E\000S\000:}{section.2}% 212
\BOOKMARK [2][-]{subsection.2.207}{\376\377\000H\000A\000R\000M\000A\000N\000\040\000B\000E\000C\000K\000E\000R\000\040\000A\000U\000T\000O\000M\000O\000T\000I\000V\000E\000\040\000S\000Y\000S\000T\000E\000M\000S\000:}{section.2}% 213
\BOOKMARK [2][-]{subsection.2.208}{\376\377\000H\000A\000T\000C\000H\000\040\000A\000S\000S\000O\000C\000I\000A\000T\000E\000S\000\040\000C\000O\000N\000S\000U\000L\000T\000A\000N\000T\000S\000:}{section.2}% 214
\BOOKMARK [2][-]{subsection.2.209}{\376\377\000H\000C\000L\000\040\000A\000M\000E\000R\000I\000C\000A\000:}{section.2}% 215
\BOOKMARK [2][-]{subsection.2.210}{\376\377\000H\000D\000R\000\040\000E\000N\000G\000I\000N\000E\000E\000R\000I\000N\000G\000:}{section.2}% 216
\BOOKMARK [2][-]{subsection.2.211}{\376\377\000H\000E\000C\000A\000T\000E\000\040\000E\000N\000E\000R\000G\000Y\000:}{section.2}% 217
\BOOKMARK [2][-]{subsection.2.212}{\376\377\000H\000E\000L\000L\000A\000\040\000E\000L\000E\000C\000T\000R\000O\000N\000I\000C\000S\000\040\000C\000O\000R\000P\000O\000R\000A\000T\000I\000O\000N\000:}{section.2}% 218
\BOOKMARK [2][-]{subsection.2.213}{\376\377\000H\000E\000R\000M\000E\000S\000\040\000M\000I\000C\000R\000O\000V\000I\000S\000I\000O\000N\000:}{section.2}% 219
\BOOKMARK [2][-]{subsection.2.214}{\376\377\000H\000E\000X\000E\000L\000\040\000W\000O\000R\000K\000S\000:}{section.2}% 220
\BOOKMARK [2][-]{subsection.2.215}{\376\377\000H\000G\000S\000T\000:}{section.2}% 221
\BOOKMARK [2][-]{subsection.2.216}{\376\377\000H\000I\000T\000A\000C\000H\000I\000\040\000E\000N\000E\000R\000G\000Y\000\040\000U\000S\000A\000:}{section.2}% 222
\BOOKMARK [2][-]{subsection.2.217}{\376\377\000H\000I\000T\000A\000C\000H\000I\000\040\000R\000A\000I\000L\000\040\000S\000T\000S\000\040\000U\000S\000A\000:}{section.2}% 223
\BOOKMARK [2][-]{subsection.2.218}{\376\377\000H\000L\000\040\000M\000A\000N\000D\000O\000\040\000A\000M\000E\000R\000I\000C\000A\000\040\000C\000O\000R\000P\000O\000R\000A\000T\000I\000O\000N\000:}{section.2}% 224
\BOOKMARK [2][-]{subsection.2.219}{\376\377\000H\000O\000N\000D\000A\000\040\000D\000E\000V\000E\000L\000O\000P\000M\000E\000N\000T\000\040\000\046\000\040\000M\000A\000N\000U\000F\000A\000C\000T\000U\000R\000I\000N\000G\000\040\000O\000F\000\040\000A\000M\000E\000R\000I\000C\000A\000:}{section.2}% 225
\BOOKMARK [2][-]{subsection.2.220}{\376\377\000H\000O\000N\000E\000Y\000W\000E\000L\000L\000\040\000I\000N\000T\000E\000R\000N\000A\000T\000I\000O\000N\000A\000L\000:}{section.2}% 226
\BOOKMARK [2][-]{subsection.2.221}{\376\377\000H\000O\000R\000K\000U\000S\000\040\000S\000O\000L\000U\000T\000I\000O\000N\000S\000:}{section.2}% 227
\BOOKMARK [2][-]{subsection.2.222}{\376\377\000H\000P\000:}{section.2}% 228
\BOOKMARK [2][-]{subsection.2.223}{\376\377\000H\000T\000N\000\040\000W\000I\000R\000E\000L\000E\000S\000S\000:}{section.2}% 229
\BOOKMARK [2][-]{subsection.2.224}{\376\377\000H\000U\000F\000\040\000N\000O\000R\000T\000H\000\040\000A\000M\000E\000R\000I\000C\000A\000\040\000A\000U\000T\000O\000M\000O\000T\000I\000V\000E\000\040\000P\000A\000R\000T\000S\000\040\000M\000A\000N\000U\000F\000A\000C\000T\000U\000R\000I\000N\000G\000\040\000C\000O\000R\000P\000:}{section.2}% 230
\BOOKMARK [2][-]{subsection.2.225}{\376\377\000H\000U\000G\000H\000E\000S\000\040\000N\000E\000T\000W\000O\000R\000K\000\040\000S\000Y\000S\000T\000E\000M\000S\000:}{section.2}% 231
\BOOKMARK [2][-]{subsection.2.226}{\376\377\000H\000Y\000P\000E\000R\000L\000O\000O\000P\000\040\000T\000E\000C\000H\000N\000O\000L\000O\000G\000I\000E\000S\000:}{section.2}% 232
\BOOKMARK [2][-]{subsection.2.227}{\376\377\000I\000\040\000M\000A\000C\000H\000I\000N\000E\000S\000:}{section.2}% 233
\BOOKMARK [2][-]{subsection.2.228}{\376\377\000I\0003\000\040\000I\000N\000F\000O\000T\000E\000K\000:}{section.2}% 234
\BOOKMARK [2][-]{subsection.2.229}{\376\377\000I\000G\000N\000I\000T\000A\000R\000I\000U\000M\000:}{section.2}% 235
\BOOKMARK [2][-]{subsection.2.230}{\376\377\000I\000I\000-\000V\000I\000\040\000O\000R\000P\000O\000R\000A\000T\000E\000D\000:}{section.2}% 236
\BOOKMARK [2][-]{subsection.2.231}{\376\377\000I\000N\000A\000B\000I\000A\000\040\000S\000O\000F\000T\000W\000A\000R\000E\000\040\000A\000N\000D\000\040\000C\000O\000N\000S\000U\000L\000T\000I\000N\000G\000:}{section.2}% 237
\BOOKMARK [2][-]{subsection.2.232}{\376\377\000I\000N\000D\000E\000P\000T\000H\000\040\000E\000N\000G\000I\000N\000E\000E\000R\000I\000N\000G\000\040\000S\000O\000L\000U\000T\000I\000O\000N\000S\000:}{section.2}% 238
\BOOKMARK [2][-]{subsection.2.233}{\376\377\000I\000N\000D\000U\000S\000\040\000U\000S\000A\000:}{section.2}% 239
\BOOKMARK [2][-]{subsection.2.234}{\376\377\000I\000N\000F\000I\000N\000E\000O\000N\000\040\000T\000E\000C\000H\000N\000O\000L\000O\000G\000I\000E\000S\000:}{section.2}% 240
\BOOKMARK [2][-]{subsection.2.235}{\376\377\000I\000N\000F\000I\000N\000E\000R\000A\000\040\000C\000O\000R\000P\000O\000R\000A\000T\000I\000O\000N\000:}{section.2}% 241
\BOOKMARK [2][-]{subsection.2.236}{\376\377\000I\000N\000F\000O\000N\000E\000R\000O\000:}{section.2}% 242
\BOOKMARK [2][-]{subsection.2.237}{\376\377\000I\000N\000N\000O\000P\000H\000A\000S\000E\000:}{section.2}% 243
\BOOKMARK [2][-]{subsection.2.238}{\376\377\000I\000N\000P\000H\000I\000\040\000C\000O\000R\000P\000O\000R\000A\000T\000I\000O\000N\000:}{section.2}% 244
\BOOKMARK [2][-]{subsection.2.239}{\376\377\000I\000N\000T\000E\000G\000E\000R\000\040\000T\000E\000L\000E\000C\000O\000M\000\040\000S\000E\000R\000V\000I\000C\000E\000S\000:}{section.2}% 245
\BOOKMARK [2][-]{subsection.2.240}{\376\377\000I\000N\000T\000E\000L\000:}{section.2}% 246
\BOOKMARK [2][-]{subsection.2.241}{\376\377\000I\000N\000T\000E\000L\000L\000I\000G\000R\000A\000T\000E\000D\000\040\000S\000E\000R\000V\000I\000C\000E\000S\000:}{section.2}% 247
\BOOKMARK [2][-]{subsection.2.242}{\376\377\000I\000N\000T\000E\000L\000L\000I\000G\000R\000A\000T\000E\000D\000\040\000S\000Y\000S\000T\000E\000M\000S\000:}{section.2}% 248
\BOOKMARK [2][-]{subsection.2.243}{\376\377\000I\000N\000T\000E\000R\000D\000I\000G\000I\000T\000A\000L\000\040\000C\000O\000M\000M\000U\000N\000I\000C\000A\000T\000I\000O\000N\000S\000:}{section.2}% 249
\BOOKMARK [2][-]{subsection.2.244}{\376\377\000I\000N\000T\000E\000R\000N\000A\000S\000H\000\040\000G\000L\000O\000B\000A\000L\000\040\000S\000E\000R\000V\000I\000C\000E\000S\000:}{section.2}% 250
\BOOKMARK [2][-]{subsection.2.245}{\376\377\000I\000N\000T\000E\000R\000N\000A\000T\000I\000O\000N\000A\000L\000\040\000B\000U\000S\000I\000N\000E\000S\000S\000\040\000M\000A\000C\000H\000I\000N\000E\000S\000\040\000C\000O\000R\000P\000O\000R\000A\000T\000I\000O\000N\000:}{section.2}% 251
\BOOKMARK [2][-]{subsection.2.246}{\376\377\000I\000N\000T\000E\000R\000T\000E\000K\000\040\000T\000E\000S\000T\000I\000N\000G\000\040\000S\000E\000R\000V\000I\000C\000E\000S\000\040\000N\000A\000:}{section.2}% 252
\BOOKMARK [2][-]{subsection.2.247}{\376\377\000I\000N\000T\000U\000I\000T\000I\000V\000E\000\040\000S\000U\000R\000G\000I\000C\000A\000L\000\040\000O\000P\000E\000R\000A\000T\000I\000O\000N\000S\000:}{section.2}% 253
\BOOKMARK [2][-]{subsection.2.248}{\376\377\000I\000N\000V\000E\000N\000C\000E\000S\000:}{section.2}% 254
\BOOKMARK [2][-]{subsection.2.249}{\376\377\000I\000N\000V\000E\000N\000S\000E\000N\000S\000E\000:}{section.2}% 255
\BOOKMARK [2][-]{subsection.2.250}{\376\377\000I\000O\000W\000A\000\040\000S\000T\000A\000T\000E\000\040\000U\000N\000I\000V\000E\000R\000S\000I\000T\000Y\000\040\000O\000F\000\040\000S\000C\000I\000E\000N\000C\000E\000\040\000A\000N\000D\000\040\000T\000E\000C\000H\000N\000O\000L\000O\000G\000Y\000:}{section.2}% 256
\BOOKMARK [2][-]{subsection.2.251}{\376\377\000I\000T\000R\000O\000N\000:}{section.2}% 257
\BOOKMARK [2][-]{subsection.2.252}{\376\377\000J\000A\000C\000O\000B\000S\000\040\000E\000N\000G\000I\000N\000E\000E\000R\000I\000N\000G\000\040\000G\000R\000O\000U\000P\000:}{section.2}% 258
\BOOKMARK [2][-]{subsection.2.253}{\376\377\000J\000M\000P\000\040\000S\000O\000L\000U\000T\000I\000O\000N\000S\000:}{section.2}% 259
\BOOKMARK [2][-]{subsection.2.254}{\376\377\000J\000O\000B\000Y\000\040\000A\000E\000R\000O\000:}{section.2}% 260
\BOOKMARK [2][-]{subsection.2.255}{\376\377\000J\000O\000H\000N\000\040\000M\000E\000Z\000Z\000A\000L\000I\000N\000G\000U\000A\000\040\000A\000S\000S\000O\000C\000I\000A\000T\000E\000S\000:}{section.2}% 261
\BOOKMARK [2][-]{subsection.2.256}{\376\377\000J\000O\000H\000N\000S\000O\000N\000\040\000C\000O\000N\000T\000R\000O\000L\000S\000:}{section.2}% 262
\BOOKMARK [2][-]{subsection.2.257}{\376\377\000J\000R\000\040\000A\000U\000T\000O\000M\000A\000T\000I\000O\000N\000\040\000T\000E\000C\000H\000N\000O\000L\000O\000G\000I\000E\000S\000:}{section.2}% 263
\BOOKMARK [2][-]{subsection.2.258}{\376\377\000J\000U\000N\000I\000P\000E\000R\000\040\000N\000E\000T\000W\000O\000R\000K\000S\000:}{section.2}% 264
\BOOKMARK [2][-]{subsection.2.259}{\376\377\000K\000\046\000A\000\040\000E\000N\000G\000I\000N\000E\000E\000R\000I\000N\000G\000\040\000C\000O\000N\000S\000U\000L\000T\000I\000N\000G\000\040\000P\000C\000:}{section.2}% 265
\BOOKMARK [2][-]{subsection.2.260}{\376\377\000K\000A\000R\000M\000A\000\040\000A\000U\000T\000O\000M\000O\000T\000I\000V\000E\000:}{section.2}% 266
\BOOKMARK [2][-]{subsection.2.261}{\376\377\000K\000C\000M\000\040\000T\000E\000C\000H\000N\000I\000C\000A\000L\000:}{section.2}% 267
\BOOKMARK [2][-]{subsection.2.262}{\376\377\000K\000E\000E\000P\000\040\000T\000R\000U\000C\000K\000I\000N\000:}{section.2}% 268
\BOOKMARK [2][-]{subsection.2.263}{\376\377\000K\000E\000Y\000S\000I\000G\000H\000T\000\040\000T\000E\000C\000H\000N\000O\000L\000O\000G\000I\000E\000S\000:}{section.2}% 269
\BOOKMARK [2][-]{subsection.2.264}{\376\377\000K\000I\000E\000W\000I\000T\000\040\000E\000N\000G\000I\000N\000E\000E\000R\000I\000N\000G\000\040\000G\000R\000O\000U\000P\000:}{section.2}% 270
\BOOKMARK [2][-]{subsection.2.265}{\376\377\000K\000I\000N\000D\000E\000N\000\040\000C\000O\000R\000P\000O\000R\000A\000T\000I\000O\000N\000:}{section.2}% 271
\BOOKMARK [2][-]{subsection.2.266}{\376\377\000K\000I\000O\000X\000I\000A\000\040\000A\000M\000E\000R\000I\000C\000A\000:}{section.2}% 272
\BOOKMARK [2][-]{subsection.2.267}{\376\377\000K\000L\000A\000\040\000C\000O\000R\000P\000O\000R\000A\000T\000I\000O\000N\000:}{section.2}% 273
\BOOKMARK [2][-]{subsection.2.268}{\376\377\000K\000N\000O\000W\000L\000E\000S\000\040\000E\000L\000E\000C\000T\000R\000O\000N\000I\000C\000S\000:}{section.2}% 274
\BOOKMARK [2][-]{subsection.2.269}{\376\377\000K\000O\000H\000L\000E\000R\000\040\000C\000O\000M\000P\000A\000N\000Y\000:}{section.2}% 275
\BOOKMARK [2][-]{subsection.2.270}{\376\377\000K\000U\000L\000I\000C\000K\000E\000\040\000A\000N\000D\000\040\000S\000O\000F\000F\000A\000\040\000I\000N\000D\000U\000S\000T\000R\000I\000E\000S\000:}{section.2}% 276
\BOOKMARK [2][-]{subsection.2.271}{\376\377\000L\000\046\000T\000\040\000T\000E\000C\000H\000N\000O\000L\000O\000G\000Y\000\040\000S\000E\000R\000V\000I\000C\000E\000S\000:}{section.2}% 277
\BOOKMARK [2][-]{subsection.2.272}{\376\377\000L\000A\000M\000\040\000R\000E\000S\000E\000A\000R\000C\000H\000\040\000C\000O\000R\000P\000O\000R\000A\000T\000I\000O\000N\000:}{section.2}% 278
\BOOKMARK [2][-]{subsection.2.273}{\376\377\000L\000A\000M\000B\000D\000A\000N\000E\000T\000S\000:}{section.2}% 279
\BOOKMARK [2][-]{subsection.2.274}{\376\377\000L\000A\000N\000C\000E\000S\000O\000F\000T\000:}{section.2}% 280
\BOOKMARK [2][-]{subsection.2.275}{\376\377\000L\000A\000T\000I\000T\000U\000D\000E\000\040\0003\0006\000:}{section.2}% 281
\BOOKMARK [2][-]{subsection.2.276}{\376\377\000L\000A\000W\000R\000E\000N\000C\000E\000\040\000B\000E\000R\000K\000E\000L\000E\000Y\000\040\000N\000A\000T\000I\000O\000N\000A\000L\000\040\000L\000A\000B\000O\000R\000A\000T\000O\000R\000Y\000:}{section.2}% 282
\BOOKMARK [2][-]{subsection.2.277}{\376\377\000L\000E\000A\000R\000\040\000C\000O\000R\000P\000O\000R\000A\000T\000I\000O\000N\000:}{section.2}% 283
\BOOKMARK [2][-]{subsection.2.278}{\376\377\000L\000E\000I\000D\000O\000S\000\040\000E\000N\000G\000I\000N\000E\000E\000R\000I\000N\000G\000:}{section.2}% 284
\BOOKMARK [2][-]{subsection.2.279}{\376\377\000L\000E\000R\000\040\000T\000E\000C\000H\000F\000O\000R\000C\000E\000:}{section.2}% 285
\BOOKMARK [2][-]{subsection.2.280}{\376\377\000L\000H\000P\000\040\000E\000N\000G\000I\000N\000E\000E\000R\000I\000N\000G\000\040\000S\000O\000L\000U\000T\000I\000O\000N\000S\000:}{section.2}% 286
\BOOKMARK [2][-]{subsection.2.281}{\376\377\000L\000H\000P\000\040\000S\000O\000F\000T\000W\000A\000R\000E\000:}{section.2}% 287
\BOOKMARK [2][-]{subsection.2.282}{\376\377\000L\000I\000G\000H\000T\000F\000O\000O\000T\000\040\000T\000E\000C\000H\000N\000O\000L\000O\000G\000I\000E\000S\000:}{section.2}% 288
\BOOKMARK [2][-]{subsection.2.283}{\376\377\000L\000I\000T\000E\000P\000O\000I\000N\000T\000\040\000C\000O\000R\000P\000O\000R\000A\000T\000I\000O\000N\000:}{section.2}% 289
\BOOKMARK [2][-]{subsection.2.284}{\376\377\000L\000O\000R\000D\000S\000T\000O\000W\000N\000\040\000M\000O\000T\000O\000R\000S\000\040\000C\000O\000R\000P\000:}{section.2}% 290
\BOOKMARK [2][-]{subsection.2.285}{\376\377\000L\000S\000I\000\040\000C\000O\000R\000P\000O\000R\000A\000T\000I\000O\000N\000:}{section.2}% 291
\BOOKMARK [2][-]{subsection.2.286}{\376\377\000L\000U\000C\000I\000D\000\040\000U\000S\000A\000:}{section.2}% 292
\BOOKMARK [2][-]{subsection.2.287}{\376\377\000L\000U\000M\000E\000N\000T\000U\000M\000\040\000O\000P\000E\000R\000A\000T\000I\000O\000N\000S\000:}{section.2}% 293
\BOOKMARK [2][-]{subsection.2.288}{\376\377\000L\000U\000T\000R\000O\000N\000\040\000E\000L\000E\000C\000T\000R\000O\000N\000I\000C\000S\000\040\000C\000O\000:}{section.2}% 294
\BOOKMARK [2][-]{subsection.2.289}{\376\377\000M\000A\000C\000O\000M\000\040\000T\000E\000C\000H\000N\000O\000L\000O\000G\000Y\000\040\000S\000O\000L\000U\000T\000I\000O\000N\000S\000:}{section.2}% 295
\BOOKMARK [2][-]{subsection.2.290}{\376\377\000M\000A\000G\000I\000C\000\040\000L\000E\000A\000P\000:}{section.2}% 296
\BOOKMARK [2][-]{subsection.2.291}{\376\377\000M\000A\000G\000N\000A\000\040\000E\000L\000E\000C\000T\000R\000O\000N\000I\000C\000S\000:}{section.2}% 297
\BOOKMARK [2][-]{subsection.2.292}{\376\377\000M\000A\000G\000N\000A\000\040\000P\000O\000W\000E\000R\000T\000R\000A\000I\000N\000\040\000O\000F\000\040\000A\000M\000E\000R\000I\000C\000A\000:}{section.2}% 298
\BOOKMARK [2][-]{subsection.2.293}{\376\377\000M\000A\000N\000D\000O\000\040\000A\000M\000E\000R\000I\000C\000A\000\040\000C\000O\000R\000P\000O\000R\000A\000T\000I\000O\000N\000:}{section.2}% 299
\BOOKMARK [2][-]{subsection.2.294}{\376\377\000M\000A\000N\000T\000R\000A\000\040\000T\000E\000L\000E\000C\000O\000M\000:}{section.2}% 300
\BOOKMARK [2][-]{subsection.2.295}{\376\377\000M\000A\000R\000E\000L\000L\000I\000\040\000A\000U\000T\000O\000M\000O\000T\000I\000V\000E\000\040\000L\000I\000G\000H\000T\000I\000N\000G\000:}{section.2}% 301
\BOOKMARK [2][-]{subsection.2.296}{\376\377\000M\000A\000R\000E\000L\000L\000I\000\040\000N\000O\000R\000T\000H\000\040\000A\000M\000E\000R\000I\000C\000A\000:}{section.2}% 302
\BOOKMARK [2][-]{subsection.2.297}{\376\377\000M\000A\000R\000V\000E\000L\000L\000\040\000S\000E\000M\000I\000C\000O\000N\000D\000U\000C\000T\000O\000R\000:}{section.2}% 303
\BOOKMARK [2][-]{subsection.2.298}{\376\377\000M\000A\000S\000S\000A\000C\000H\000U\000S\000E\000T\000T\000S\000\040\000I\000N\000S\000T\000I\000T\000U\000T\000E\000\040\000O\000F\000\040\000T\000E\000C\000H\000N\000O\000L\000O\000G\000Y\000:}{section.2}% 304
\BOOKMARK [2][-]{subsection.2.299}{\376\377\000M\000A\000S\000T\000E\000C\000\040\000S\000E\000R\000V\000I\000C\000E\000S\000\040\000C\000O\000M\000P\000A\000N\000Y\000:}{section.2}% 305
\BOOKMARK [2][-]{subsection.2.300}{\376\377\000M\000A\000T\000E\000R\000I\000A\000L\000\040\000H\000A\000N\000D\000L\000I\000N\000G\000\040\000S\000Y\000S\000T\000E\000M\000S\000:}{section.2}% 306
\BOOKMARK [2][-]{subsection.2.301}{\376\377\000M\000A\000T\000T\000S\000O\000N\000\040\000T\000E\000C\000H\000N\000O\000L\000O\000G\000Y\000:}{section.2}% 307
\BOOKMARK [2][-]{subsection.2.302}{\376\377\000M\000A\000X\000I\000M\000\040\000I\000N\000T\000E\000G\000R\000A\000T\000E\000D\000\040\000P\000R\000O\000D\000U\000C\000T\000S\000:}{section.2}% 308
\BOOKMARK [2][-]{subsection.2.303}{\376\377\000M\000A\000X\000L\000I\000N\000E\000A\000R\000:}{section.2}% 309
\BOOKMARK [2][-]{subsection.2.304}{\376\377\000M\000A\000Y\000O\000\040\000C\000L\000I\000N\000I\000C\000:}{section.2}% 310
\BOOKMARK [2][-]{subsection.2.305}{\376\377\000M\000C\000\040\000D\000E\000A\000N\000:}{section.2}% 311
\BOOKMARK [2][-]{subsection.2.306}{\376\377\000M\000E\000D\000I\000A\000T\000E\000K\000\040\000U\000S\000A\000:}{section.2}% 312
\BOOKMARK [2][-]{subsection.2.307}{\376\377\000M\000E\000D\000T\000R\000O\000N\000I\000C\000:}{section.2}% 313
\BOOKMARK [2][-]{subsection.2.308}{\376\377\000M\000E\000L\000L\000A\000N\000O\000X\000\040\000T\000E\000C\000H\000N\000O\000L\000O\000G\000I\000E\000S\000:}{section.2}% 314
\BOOKMARK [2][-]{subsection.2.309}{\376\377\000M\000E\000N\000T\000O\000R\000\040\000G\000R\000A\000P\000H\000I\000C\000S\000\040\000C\000O\000R\000P\000O\000R\000A\000T\000I\000O\000N\000:}{section.2}% 315
\BOOKMARK [2][-]{subsection.2.310}{\376\377\000M\000E\000R\000C\000E\000D\000E\000S\000-\000B\000E\000N\000Z\000\040\000R\000E\000S\000E\000A\000R\000C\000H\000\040\000\046\000\040\000D\000E\000V\000E\000L\000O\000P\000M\000E\000N\000T\000\040\000N\000O\000R\000T\000H\000\040\000A\000M\000E\000R\000I\000C\000A\000:}{section.2}% 316
\BOOKMARK [2][-]{subsection.2.311}{\376\377\000M\000E\000S\000A\000\040\000A\000S\000S\000O\000C\000I\000A\000T\000E\000S\000:}{section.2}% 317
\BOOKMARK [2][-]{subsection.2.312}{\376\377\000M\000E\000T\000A\000:}{section.2}% 318
\BOOKMARK [2][-]{subsection.2.313}{\376\377\000M\000E\000T\000A\000\040\000P\000L\000A\000T\000F\000O\000R\000M\000S\000:}{section.2}% 319
\BOOKMARK [2][-]{subsection.2.314}{\376\377\000M\000E\000T\000H\000O\000D\000I\000C\000A\000\040\000T\000E\000C\000H\000N\000O\000L\000O\000G\000I\000E\000S\000:}{section.2}% 320
\BOOKMARK [2][-]{subsection.2.315}{\376\377\000M\000I\000C\000R\000O\000C\000H\000I\000P\000\040\000T\000E\000C\000H\000N\000O\000L\000O\000G\000Y\000:}{section.2}% 321
\BOOKMARK [2][-]{subsection.2.316}{\376\377\000M\000I\000C\000R\000O\000N\000\040\000S\000E\000M\000I\000C\000O\000N\000D\000U\000C\000T\000O\000R\000\040\000P\000R\000O\000D\000U\000C\000T\000S\000:}{section.2}% 322
\BOOKMARK [2][-]{subsection.2.317}{\376\377\000M\000I\000C\000R\000O\000N\000\040\000T\000E\000C\000H\000N\000O\000L\000O\000G\000Y\000:}{section.2}% 323
\BOOKMARK [2][-]{subsection.2.318}{\376\377\000M\000I\000C\000R\000O\000S\000O\000F\000T\000\040\000C\000O\000R\000P\000O\000R\000A\000T\000I\000O\000N\000:}{section.2}% 324
\BOOKMARK [2][-]{subsection.2.319}{\376\377\000M\000I\000D\000C\000O\000N\000T\000I\000N\000E\000N\000T\000\040\000I\000N\000D\000E\000P\000E\000N\000D\000E\000N\000T\000\040\000S\000Y\000S\000T\000E\000M\000\040\000O\000P\000E\000R\000A\000T\000O\000R\000:}{section.2}% 325
\BOOKMARK [2][-]{subsection.2.320}{\376\377\000M\000I\000L\000W\000A\000U\000K\000E\000E\000\040\000E\000L\000E\000C\000T\000R\000I\000C\000\040\000T\000O\000O\000L\000\040\000C\000O\000R\000P\000O\000R\000A\000T\000I\000O\000N\000:}{section.2}% 326
\BOOKMARK [2][-]{subsection.2.321}{\376\377\000M\000I\000R\000A\000F\000R\000A\000:}{section.2}% 327
\BOOKMARK [2][-]{subsection.2.322}{\376\377\000M\000I\000T\000S\000U\000B\000I\000S\000H\000I\000\040\000E\000L\000E\000C\000T\000R\000I\000C\000\040\000P\000O\000W\000E\000R\000\040\000P\000R\000O\000D\000U\000C\000T\000S\000:}{section.2}% 328
\BOOKMARK [2][-]{subsection.2.323}{\376\377\000M\000O\000B\000I\000L\000E\000C\000O\000M\000M\000\040\000P\000R\000O\000F\000E\000S\000S\000I\000O\000N\000A\000L\000S\000:}{section.2}% 329
\BOOKMARK [2][-]{subsection.2.324}{\376\377\000M\000O\000B\000I\000S\000\040\000N\000O\000R\000T\000H\000\040\000A\000M\000E\000R\000I\000C\000A\000:}{section.2}% 330
\BOOKMARK [2][-]{subsection.2.325}{\376\377\000M\000O\000B\000I\000V\000E\000I\000L\000:}{section.2}% 331
\BOOKMARK [2][-]{subsection.2.326}{\376\377\000M\000O\000J\000O\000\040\000S\000O\000L\000U\000T\000I\000O\000N\000S\000\040\000A\000N\000D\000\040\000S\000E\000R\000V\000I\000C\000E\000S\000\040\000M\000S\000S\000:}{section.2}% 332
\BOOKMARK [2][-]{subsection.2.327}{\376\377\000M\000O\000L\000E\000X\000:}{section.2}% 333
\BOOKMARK [2][-]{subsection.2.328}{\376\377\000M\000O\000N\000O\000L\000I\000T\000H\000I\000C\000\040\000P\000O\000W\000E\000R\000\040\000S\000Y\000S\000T\000E\000M\000S\000:}{section.2}% 334
\BOOKMARK [2][-]{subsection.2.329}{\376\377\000M\000O\000S\000C\000H\000I\000P\000\040\000T\000E\000C\000H\000N\000O\000L\000O\000G\000I\000E\000S\000\040\000U\000S\000A\000:}{section.2}% 335
\BOOKMARK [2][-]{subsection.2.330}{\376\377\000M\000O\000T\000I\000O\000N\000A\000L\000\040\000A\000D\000:}{section.2}% 336
\BOOKMARK [2][-]{subsection.2.331}{\376\377\000M\000O\000T\000O\000R\000O\000L\000A\000:}{section.2}% 337
\BOOKMARK [2][-]{subsection.2.332}{\376\377\000M\000O\000T\000T\000\040\000M\000A\000C\000D\000O\000N\000A\000L\000D\000:}{section.2}% 338
\BOOKMARK [2][-]{subsection.2.333}{\376\377\000N\000A\000V\000I\000S\000T\000A\000R\000:}{section.2}% 339
\BOOKMARK [2][-]{subsection.2.334}{\376\377\000N\000E\000W\000\040\000Y\000O\000R\000K\000\040\000I\000N\000D\000E\000P\000E\000N\000D\000E\000N\000T\000\040\000S\000Y\000S\000T\000E\000M\000\040\000O\000P\000E\000R\000A\000T\000O\000R\000:}{section.2}% 340
\BOOKMARK [2][-]{subsection.2.335}{\376\377\000N\000E\000W\000\040\000Y\000O\000R\000K\000\040\000P\000O\000W\000E\000R\000\040\000A\000U\000T\000H\000O\000R\000I\000T\000Y\000:}{section.2}% 341
\BOOKMARK [2][-]{subsection.2.336}{\376\377\000N\000E\000X\000I\000U\000S\000\040\000S\000O\000L\000U\000T\000I\000O\000N\000S\000:}{section.2}% 342
\BOOKMARK [2][-]{subsection.2.337}{\376\377\000N\000E\000X\000T\000E\000E\000R\000\040\000A\000U\000T\000O\000M\000O\000T\000I\000V\000E\000\040\000C\000O\000R\000P\000O\000R\000A\000T\000I\000O\000N\000:}{section.2}% 343
\BOOKMARK [2][-]{subsection.2.338}{\376\377\000N\000E\000X\000T\000G\000E\000N\000\040\000G\000L\000O\000B\000A\000L\000\040\000R\000E\000S\000O\000U\000R\000C\000E\000S\000:}{section.2}% 344
\BOOKMARK [2][-]{subsection.2.339}{\376\377\000N\000I\000D\000E\000C\000\040\000M\000O\000B\000I\000L\000I\000T\000Y\000\040\000A\000M\000E\000R\000I\000C\000A\000\040\000C\000O\000R\000P\000O\000R\000A\000T\000I\000O\000N\000:}{section.2}% 345
\BOOKMARK [2][-]{subsection.2.340}{\376\377\000N\000I\000K\000O\000L\000A\000\040\000C\000O\000R\000P\000O\000R\000A\000T\000I\000O\000N\000:}{section.2}% 346
\BOOKMARK [2][-]{subsection.2.341}{\376\377\000N\000O\000K\000I\000A\000\040\000O\000F\000\040\000A\000M\000E\000R\000I\000C\000A\000\040\000C\000O\000R\000P\000O\000R\000A\000T\000I\000O\000N\000:}{section.2}% 347
\BOOKMARK [2][-]{subsection.2.342}{\376\377\000N\000O\000R\000T\000H\000\040\000A\000M\000E\000R\000I\000C\000A\000N\000\040\000L\000I\000G\000H\000T\000I\000N\000G\000:}{section.2}% 348
\BOOKMARK [2][-]{subsection.2.343}{\376\377\000N\000T\000E\000S\000S\000:}{section.2}% 349
\BOOKMARK [2][-]{subsection.2.344}{\376\377\000N\000U\000R\000O\000:}{section.2}% 350
\BOOKMARK [2][-]{subsection.2.345}{\376\377\000N\000U\000V\000I\000A\000:}{section.2}% 351
\BOOKMARK [2][-]{subsection.2.346}{\376\377\000N\000V\000I\000D\000I\000A\000\040\000C\000O\000R\000P\000O\000R\000A\000T\000I\000O\000N\000:}{section.2}% 352
\BOOKMARK [2][-]{subsection.2.347}{\376\377\000N\000X\000P\000\040\000U\000S\000A\000:}{section.2}% 353
\BOOKMARK [2][-]{subsection.2.348}{\376\377\000O\000M\000\040\000T\000E\000C\000H\000N\000O\000L\000O\000G\000I\000E\000S\000:}{section.2}% 354
\BOOKMARK [2][-]{subsection.2.349}{\376\377\000O\000M\000N\000I\000V\000I\000S\000I\000O\000N\000\040\000T\000E\000C\000H\000N\000O\000L\000O\000G\000I\000E\000S\000:}{section.2}% 355
\BOOKMARK [2][-]{subsection.2.350}{\376\377\000O\000N\000\040\000C\000O\000M\000P\000U\000T\000E\000R\000\040\000S\000E\000R\000V\000I\000C\000E\000S\000:}{section.2}% 356
\BOOKMARK [2][-]{subsection.2.351}{\376\377\000O\000P\000E\000N\000\040\000S\000Y\000S\000T\000E\000M\000S\000\040\000I\000N\000T\000E\000R\000N\000A\000T\000I\000O\000N\000A\000L\000:}{section.2}% 357
\BOOKMARK [2][-]{subsection.2.352}{\376\377\000O\000P\000E\000R\000A\000T\000I\000O\000N\000\040\000T\000E\000C\000H\000N\000O\000L\000O\000G\000Y\000:}{section.2}% 358
\BOOKMARK [2][-]{subsection.2.353}{\376\377\000O\000P\000T\000I\000M\000A\000L\000:}{section.2}% 359
\BOOKMARK [2][-]{subsection.2.354}{\376\377\000O\000P\000T\000I\000M\000A\000L\000\040\000C\000A\000E\000:}{section.2}% 360
\BOOKMARK [2][-]{subsection.2.355}{\376\377\000O\000R\000C\000H\000E\000S\000T\000R\000A\000\040\000T\000E\000C\000H\000N\000O\000L\000O\000G\000Y\000:}{section.2}% 361
\BOOKMARK [2][-]{subsection.2.356}{\376\377\000P\0002\000S\000:}{section.2}% 362
\BOOKMARK [2][-]{subsection.2.357}{\376\377\000P\000A\000N\000A\000S\000O\000N\000I\000C\000\040\000C\000O\000R\000P\000O\000R\000A\000T\000I\000O\000N\000\040\000O\000F\000\040\000N\000O\000R\000T\000H\000\040\000A\000M\000E\000R\000I\000C\000A\000\040\000\050\000P\000N\000A\000\051\000:}{section.2}% 363
\BOOKMARK [2][-]{subsection.2.358}{\376\377\000P\000A\000R\000S\000O\000N\000S\000\040\000T\000R\000A\000N\000S\000P\000O\000R\000T\000A\000T\000I\000O\000N\000\040\000G\000R\000O\000U\000P\000:}{section.2}% 364
\BOOKMARK [2][-]{subsection.2.359}{\376\377\000P\000E\000N\000S\000A\000N\000D\000O\000\040\000S\000Y\000S\000T\000E\000M\000S\000:}{section.2}% 365
\BOOKMARK [2][-]{subsection.2.360}{\376\377\000P\000E\000N\000T\000A\000N\000G\000L\000E\000\040\000T\000E\000C\000H\000\040\000S\000E\000R\000V\000I\000C\000E\000S\000:}{section.2}% 366
\BOOKMARK [2][-]{subsection.2.361}{\376\377\000P\000E\000R\000F\000E\000C\000T\000V\000I\000P\000S\000:}{section.2}% 367
\BOOKMARK [2][-]{subsection.2.362}{\376\377\000P\000I\000\040\000S\000Q\000U\000A\000R\000E\000\040\000T\000E\000C\000H\000N\000O\000L\000O\000G\000I\000E\000S\000:}{section.2}% 368
\BOOKMARK [2][-]{subsection.2.363}{\376\377\000P\000L\000A\000N\000T\000R\000O\000N\000I\000C\000S\000:}{section.2}% 369
\BOOKMARK [2][-]{subsection.2.364}{\376\377\000P\000O\000L\000A\000R\000I\000S\000\040\000I\000N\000D\000U\000S\000T\000R\000I\000E\000S\000:}{section.2}% 370
\BOOKMARK [2][-]{subsection.2.365}{\376\377\000P\000O\000L\000Y\000P\000H\000A\000S\000E\000\040\000S\000Y\000S\000T\000E\000M\000:}{section.2}% 371
\BOOKMARK [2][-]{subsection.2.366}{\376\377\000P\000O\000P\000U\000L\000U\000S\000\040\000G\000R\000O\000U\000P\000:}{section.2}% 372
\BOOKMARK [2][-]{subsection.2.367}{\376\377\000P\000O\000W\000E\000R\000\040\000G\000R\000I\000D\000\040\000E\000N\000G\000I\000N\000E\000E\000R\000I\000N\000G\000:}{section.2}% 373
\BOOKMARK [2][-]{subsection.2.368}{\376\377\000P\000O\000W\000E\000R\000\040\000I\000N\000T\000E\000G\000R\000A\000T\000I\000O\000N\000S\000:}{section.2}% 374
\BOOKMARK [2][-]{subsection.2.369}{\376\377\000P\000R\000I\000M\000E\000T\000A\000L\000S\000\040\000T\000E\000C\000H\000N\000O\000L\000O\000G\000I\000E\000S\000\040\000U\000S\000A\000:}{section.2}% 375
\BOOKMARK [2][-]{subsection.2.370}{\376\377\000P\000R\000O\000C\000T\000E\000K\000\040\000T\000E\000X\000A\000S\000:}{section.2}% 376
\BOOKMARK [2][-]{subsection.2.371}{\376\377\000P\000S\000E\000M\000I\000\040\000C\000O\000R\000P\000O\000R\000A\000T\000I\000O\000N\000:}{section.2}% 377
\BOOKMARK [2][-]{subsection.2.372}{\376\377\000Q\000O\000R\000V\000O\000\040\000U\000S\000:}{section.2}% 378
\BOOKMARK [2][-]{subsection.2.373}{\376\377\000Q\000U\000A\000L\000C\000O\000M\000M\000:}{section.2}% 379
\BOOKMARK [2][-]{subsection.2.374}{\376\377\000Q\000U\000A\000L\000I\000T\000Y\000\040\000D\000E\000S\000I\000G\000N\000\040\000S\000E\000R\000V\000I\000C\000E\000S\000:}{section.2}% 380
\BOOKMARK [2][-]{subsection.2.375}{\376\377\000Q\000U\000A\000L\000U\000S\000:}{section.2}% 381
\BOOKMARK [2][-]{subsection.2.376}{\376\377\000Q\000U\000A\000N\000T\000A\000\040\000T\000E\000C\000H\000N\000O\000L\000O\000G\000Y\000:}{section.2}% 382
\BOOKMARK [2][-]{subsection.2.377}{\376\377\000R\000A\000M\000B\000U\000S\000:}{section.2}% 383
\BOOKMARK [2][-]{subsection.2.378}{\376\377\000R\000E\000G\000A\000L\000\040\000R\000E\000X\000N\000O\000R\000D\000\040\000C\000O\000R\000P\000O\000R\000A\000T\000I\000O\000N\000:}{section.2}% 384
\BOOKMARK [2][-]{subsection.2.379}{\376\377\000R\000E\000N\000E\000S\000A\000S\000\040\000E\000L\000E\000C\000T\000R\000O\000N\000I\000C\000S\000:}{section.2}% 385
\BOOKMARK [2][-]{subsection.2.380}{\376\377\000R\000G\000B\000\040\000S\000Y\000S\000T\000E\000M\000S\000:}{section.2}% 386
\BOOKMARK [2][-]{subsection.2.381}{\376\377\000R\000I\000V\000I\000A\000N\000:}{section.2}% 387
\BOOKMARK [2][-]{subsection.2.382}{\376\377\000R\000I\000V\000O\000S\000:}{section.2}% 388
\BOOKMARK [2][-]{subsection.2.383}{\376\377\000R\000O\000B\000E\000R\000T\000\040\000B\000O\000S\000C\000H\000:}{section.2}% 389
\BOOKMARK [2][-]{subsection.2.384}{\376\377\000R\000O\000C\000K\000L\000E\000Y\000\040\000P\000H\000O\000T\000O\000N\000I\000C\000S\000:}{section.2}% 390
\BOOKMARK [2][-]{subsection.2.385}{\376\377\000R\000O\000C\000K\000W\000E\000L\000L\000\040\000A\000U\000T\000O\000M\000A\000T\000I\000O\000N\000:}{section.2}% 391
\BOOKMARK [2][-]{subsection.2.386}{\376\377\000R\000O\000C\000K\000W\000E\000L\000L\000\040\000C\000O\000L\000L\000I\000N\000S\000:}{section.2}% 392
\BOOKMARK [2][-]{subsection.2.387}{\376\377\000R\000O\000H\000D\000E\000\040\000\046\000\040\000S\000C\000H\000W\000A\000R\000Z\000\040\000U\000S\000A\000:}{section.2}% 393
\BOOKMARK [2][-]{subsection.2.388}{\376\377\000R\000O\000L\000L\000S\000-\000R\000O\000Y\000C\000E\000\040\000S\000O\000L\000U\000T\000I\000O\000N\000S\000\040\000A\000M\000E\000R\000I\000C\000A\000:}{section.2}% 394
\BOOKMARK [2][-]{subsection.2.389}{\376\377\000R\000W\000E\000\040\000R\000E\000N\000E\000W\000A\000B\000L\000E\000S\000\040\000S\000E\000R\000V\000I\000C\000E\000S\000:}{section.2}% 395
\BOOKMARK [2][-]{subsection.2.390}{\376\377\000S\000A\000M\000B\000A\000N\000O\000V\000A\000\040\000S\000Y\000S\000T\000E\000M\000S\000:}{section.2}% 396
\BOOKMARK [2][-]{subsection.2.391}{\376\377\000S\000A\000M\000S\000U\000N\000G\000:}{section.2}% 397
\BOOKMARK [2][-]{subsection.2.392}{\376\377\000S\000A\000N\000E\000S\000O\000:}{section.2}% 398
\BOOKMARK [2][-]{subsection.2.393}{\376\377\000S\000A\000T\000Y\000A\000M\000-\000V\000E\000N\000T\000U\000R\000E\000\040\000E\000N\000G\000I\000N\000E\000E\000R\000I\000N\000G\000\040\000S\000E\000R\000V\000I\000C\000E\000S\000\040\000P\000V\000T\000\040\000L\000T\000D\000:}{section.2}% 399
\BOOKMARK [2][-]{subsection.2.394}{\376\377\000S\000C\000A\000L\000E\000F\000L\000U\000X\000:}{section.2}% 400
\BOOKMARK [2][-]{subsection.2.395}{\376\377\000S\000C\000H\000L\000U\000M\000B\000E\000R\000G\000E\000R\000\040\000T\000E\000C\000H\000N\000O\000L\000O\000G\000Y\000\040\000C\000O\000R\000P\000O\000R\000A\000T\000I\000O\000N\000:}{section.2}% 401
\BOOKMARK [2][-]{subsection.2.396}{\376\377\000S\000C\000H\000N\000E\000I\000D\000E\000R\000\040\000E\000L\000E\000C\000T\000R\000I\000C\000:}{section.2}% 402
\BOOKMARK [2][-]{subsection.2.397}{\376\377\000S\000C\000H\000W\000E\000I\000T\000Z\000E\000R\000\040\000E\000N\000G\000I\000N\000E\000E\000R\000I\000N\000G\000\040\000L\000A\000B\000O\000R\000A\000T\000O\000R\000I\000E\000S\000:}{section.2}% 403
\BOOKMARK [2][-]{subsection.2.398}{\376\377\000S\000C\000I\000E\000N\000T\000I\000F\000I\000C\000\040\000C\000O\000M\000P\000O\000N\000E\000N\000T\000S\000\040\000C\000O\000R\000P\000\040\000D\000B\000A\000\040\000M\000I\000N\000I\000-\000C\000I\000R\000C\000U\000I\000T\000S\000:}{section.2}% 404
\BOOKMARK [2][-]{subsection.2.399}{\376\377\000S\000E\000A\000G\000A\000T\000E\000\040\000U\000S\000:}{section.2}% 405
\BOOKMARK [2][-]{subsection.2.400}{\376\377\000S\000E\000L\000\040\000E\000N\000G\000I\000N\000E\000E\000R\000I\000N\000G\000\040\000S\000E\000R\000V\000I\000C\000E\000S\000:}{section.2}% 406
\BOOKMARK [2][-]{subsection.2.401}{\376\377\000S\000E\000M\000I\000C\000O\000N\000D\000U\000C\000T\000O\000R\000\040\000C\000O\000M\000P\000O\000N\000E\000N\000T\000S\000\040\000I\000N\000D\000U\000S\000T\000R\000I\000E\000S\000:}{section.2}% 407
\BOOKMARK [2][-]{subsection.2.402}{\376\377\000S\000E\000M\000T\000E\000C\000H\000\040\000C\000O\000R\000P\000O\000R\000A\000T\000I\000O\000N\000:}{section.2}% 408
\BOOKMARK [2][-]{subsection.2.403}{\376\377\000S\000E\000N\000S\000A\000T\000A\000\040\000T\000E\000C\000H\000N\000O\000L\000O\000G\000I\000E\000S\000:}{section.2}% 409
\BOOKMARK [2][-]{subsection.2.404}{\376\377\000S\000E\000Q\000U\000A\000N\000S\000\040\000C\000O\000M\000M\000U\000N\000I\000C\000A\000T\000I\000O\000N\000S\000:}{section.2}% 410
\BOOKMARK [2][-]{subsection.2.405}{\376\377\000S\000H\000U\000R\000E\000\040\000O\000R\000P\000O\000R\000A\000T\000E\000D\000:}{section.2}% 411
\BOOKMARK [2][-]{subsection.2.406}{\376\377\000S\000I\000E\000M\000E\000N\000S\000:}{section.2}% 412
\BOOKMARK [2][-]{subsection.2.407}{\376\377\000S\000I\000L\000A\000N\000N\000A\000\040\000S\000E\000M\000I\000C\000O\000N\000D\000U\000C\000T\000O\000R\000\040\000N\000O\000R\000T\000H\000\040\000A\000M\000E\000R\000I\000C\000A\000:}{section.2}% 413
\BOOKMARK [2][-]{subsection.2.408}{\376\377\000S\000I\000L\000I\000C\000O\000N\000\040\000L\000A\000B\000O\000R\000A\000T\000O\000R\000I\000E\000S\000:}{section.2}% 414
\BOOKMARK [2][-]{subsection.2.409}{\376\377\000S\000I\000T\000I\000M\000E\000\040\000C\000O\000R\000P\000O\000R\000A\000T\000I\000O\000N\000:}{section.2}% 415
\BOOKMARK [2][-]{subsection.2.410}{\376\377\000S\000I\000V\000A\000L\000T\000E\000C\000H\000:}{section.2}% 416
\BOOKMARK [2][-]{subsection.2.411}{\376\377\000S\000K\000\040\000H\000Y\000N\000I\000X\000:}{section.2}% 417
\BOOKMARK [2][-]{subsection.2.412}{\376\377\000S\000K\000Y\000W\000O\000R\000K\000S\000\040\000S\000O\000L\000U\000T\000I\000O\000N\000S\000:}{section.2}% 418
\BOOKMARK [2][-]{subsection.2.413}{\376\377\000S\000M\000I\000T\000H\000\040\000\046\000\040\000N\000E\000P\000H\000E\000W\000:}{section.2}% 419
\BOOKMARK [2][-]{subsection.2.414}{\376\377\000S\000O\000N\000N\000E\000N\000:}{section.2}% 420
\BOOKMARK [2][-]{subsection.2.415}{\376\377\000S\000P\000I\000R\000E\000N\000T\000\040\000C\000O\000M\000M\000U\000N\000I\000C\000A\000T\000I\000O\000N\000S\000:}{section.2}% 421
\BOOKMARK [2][-]{subsection.2.416}{\376\377\000S\000P\000R\000I\000N\000T\000\040\000C\000O\000R\000P\000O\000R\000A\000T\000I\000O\000N\000:}{section.2}% 422
\BOOKMARK [2][-]{subsection.2.417}{\376\377\000S\000T\000\040\000J\000U\000D\000E\000\040\000M\000E\000D\000I\000C\000A\000L\000\040\000C\000A\000R\000D\000I\000O\000L\000O\000G\000Y\000\040\000D\000I\000V\000I\000S\000I\000O\000N\000:}{section.2}% 423
\BOOKMARK [2][-]{subsection.2.418}{\376\377\000S\000T\000A\000N\000F\000O\000R\000D\000\040\000U\000N\000I\000V\000E\000R\000S\000I\000T\000Y\000/\000S\000L\000A\000C\000\040\000N\000A\000T\000I\000O\000N\000A\000L\000\040\000A\000C\000C\000E\000L\000E\000R\000A\000T\000O\000R\000\040\000L\000A\000B\000O\000R\000A\000T\000O\000R\000Y\000:}{section.2}% 424
\BOOKMARK [2][-]{subsection.2.419}{\376\377\000S\000T\000A\000N\000L\000E\000Y\000\040\000B\000L\000A\000C\000K\000\040\000\046\000\040\000D\000E\000C\000K\000E\000R\000:}{section.2}% 425
\BOOKMARK [2][-]{subsection.2.420}{\376\377\000S\000T\000A\000N\000T\000E\000C\000\040\000C\000O\000N\000S\000U\000L\000T\000I\000N\000G\000\040\000S\000E\000R\000V\000I\000C\000E\000S\000:}{section.2}% 426
\BOOKMARK [2][-]{subsection.2.421}{\376\377\000S\000T\000A\000R\000K\000E\000Y\000\040\000L\000A\000B\000O\000R\000A\000T\000O\000R\000I\000E\000S\000:}{section.2}% 427
\BOOKMARK [2][-]{subsection.2.422}{\376\377\000S\000T\000A\000R\000T\000E\000C\000H\000\040\000N\000E\000T\000W\000O\000R\000K\000S\000:}{section.2}% 428
\BOOKMARK [2][-]{subsection.2.423}{\376\377\000S\000T\000E\000M\000:}{section.2}% 429
\BOOKMARK [2][-]{subsection.2.424}{\376\377\000S\000T\000M\000I\000C\000R\000O\000E\000L\000E\000C\000T\000R\000O\000N\000I\000C\000S\000:}{section.2}% 430
\BOOKMARK [2][-]{subsection.2.425}{\376\377\000S\000T\000R\000Y\000K\000E\000R\000\040\000C\000O\000R\000P\000O\000R\000A\000T\000I\000O\000N\000:}{section.2}% 431
\BOOKMARK [2][-]{subsection.2.426}{\376\377\000S\000U\000N\000L\000U\000N\000E\000\040\000C\000O\000R\000P\000O\000R\000A\000T\000I\000O\000N\000:}{section.2}% 432
\BOOKMARK [2][-]{subsection.2.427}{\376\377\000S\000U\000P\000E\000R\000\040\000M\000I\000C\000R\000O\000\040\000C\000O\000M\000P\000U\000T\000E\000R\000:}{section.2}% 433
\BOOKMARK [2][-]{subsection.2.428}{\376\377\000S\000U\000P\000E\000R\000N\000A\000L\000:}{section.2}% 434
\BOOKMARK [2][-]{subsection.2.429}{\376\377\000S\000V\000T\000R\000O\000N\000I\000C\000S\000:}{section.2}% 435
\BOOKMARK [2][-]{subsection.2.430}{\376\377\000S\000Y\000N\000A\000P\000S\000E\000\040\000D\000E\000S\000I\000G\000N\000\040\000A\000U\000T\000O\000M\000A\000T\000I\000O\000N\000:}{section.2}% 436
\BOOKMARK [2][-]{subsection.2.431}{\376\377\000S\000Y\000N\000A\000P\000T\000I\000C\000S\000:}{section.2}% 437
\BOOKMARK [2][-]{subsection.2.432}{\376\377\000S\000Y\000N\000A\000P\000T\000I\000C\000S\000\040\000O\000R\000P\000O\000R\000A\000T\000E\000D\000:}{section.2}% 438
\BOOKMARK [2][-]{subsection.2.433}{\376\377\000S\000Y\000N\000O\000P\000S\000Y\000S\000:}{section.2}% 439
\BOOKMARK [2][-]{subsection.2.434}{\376\377\000S\000Y\000S\000E\000R\000C\000O\000:}{section.2}% 440
\BOOKMARK [2][-]{subsection.2.435}{\376\377\000T\000-\000M\000O\000B\000I\000L\000E\000\040\000U\000S\000A\000:}{section.2}% 441
\BOOKMARK [2][-]{subsection.2.436}{\376\377\000T\000A\000A\000L\000\040\000T\000E\000C\000H\000N\000O\000L\000O\000G\000I\000E\000S\000:}{section.2}% 442
\BOOKMARK [2][-]{subsection.2.437}{\376\377\000T\000A\000E\000\040\000T\000E\000C\000H\000N\000O\000L\000O\000G\000I\000E\000S\000:}{section.2}% 443
\BOOKMARK [2][-]{subsection.2.438}{\376\377\000T\000A\000R\000A\000N\000A\000\040\000W\000I\000R\000E\000L\000E\000S\000S\000:}{section.2}% 444
\BOOKMARK [2][-]{subsection.2.439}{\376\377\000T\000A\000T\000A\000\040\000T\000E\000C\000H\000N\000O\000L\000O\000G\000I\000E\000S\000:}{section.2}% 445
\BOOKMARK [2][-]{subsection.2.440}{\376\377\000T\000E\000\040\000C\000O\000N\000N\000E\000C\000T\000I\000V\000I\000T\000Y\000\040\000C\000O\000R\000P\000O\000R\000A\000T\000I\000O\000N\000:}{section.2}% 446
\BOOKMARK [2][-]{subsection.2.441}{\376\377\000T\000E\000C\000\040\000G\000R\000O\000U\000P\000:}{section.2}% 447
\BOOKMARK [2][-]{subsection.2.442}{\376\377\000T\000E\000C\000H\000\040\000M\000A\000H\000I\000N\000D\000R\000A\000\040\000\050\000A\000M\000E\000R\000I\000C\000A\000S\000\051\000:}{section.2}% 448
\BOOKMARK [2][-]{subsection.2.443}{\376\377\000T\000E\000C\000H\000N\000I\000P\000\040\000U\000S\000A\000:}{section.2}% 449
\BOOKMARK [2][-]{subsection.2.444}{\376\377\000T\000E\000C\000H\000N\000O\000L\000O\000G\000Y\000\040\000R\000E\000S\000O\000U\000R\000C\000E\000\040\000G\000R\000O\000U\000P\000:}{section.2}% 450
\BOOKMARK [2][-]{subsection.2.445}{\376\377\000T\000E\000C\000T\000U\000S\000\040\000C\000O\000R\000P\000O\000R\000A\000T\000I\000O\000N\000:}{section.2}% 451
\BOOKMARK [2][-]{subsection.2.446}{\376\377\000T\000E\000K\000L\000A\000B\000S\000:}{section.2}% 452
\BOOKMARK [2][-]{subsection.2.447}{\376\377\000T\000E\000L\000E\000C\000O\000M\000\040\000T\000E\000C\000H\000N\000O\000L\000O\000G\000Y\000\040\000S\000E\000R\000V\000I\000C\000E\000S\000:}{section.2}% 453
\BOOKMARK [2][-]{subsection.2.448}{\376\377\000T\000E\000L\000E\000D\000Y\000N\000E\000\040\000L\000E\000C\000R\000O\000Y\000:}{section.2}% 454
\BOOKMARK [2][-]{subsection.2.449}{\376\377\000T\000E\000L\000E\000W\000O\000R\000L\000D\000\040\000S\000O\000L\000U\000T\000I\000O\000N\000S\000:}{section.2}% 455
\BOOKMARK [2][-]{subsection.2.450}{\376\377\000T\000E\000L\000N\000E\000T\000:}{section.2}% 456
\BOOKMARK [2][-]{subsection.2.451}{\376\377\000T\000E\000N\000S\000T\000O\000R\000R\000E\000N\000T\000\040\000U\000S\000A\000:}{section.2}% 457
\BOOKMARK [2][-]{subsection.2.452}{\376\377\000T\000E\000R\000A\000D\000Y\000N\000E\000:}{section.2}% 458
\BOOKMARK [2][-]{subsection.2.453}{\376\377\000T\000E\000S\000L\000A\000:}{section.2}% 459
\BOOKMARK [2][-]{subsection.2.454}{\376\377\000T\000E\000S\000S\000O\000L\000V\000E\000D\000T\000S\000:}{section.2}% 460
\BOOKMARK [2][-]{subsection.2.455}{\376\377\000T\000E\000X\000A\000S\000\040\000I\000N\000S\000T\000R\000U\000M\000E\000N\000T\000S\000\040\000O\000R\000P\000O\000R\000A\000T\000E\000D\000:}{section.2}% 461
\BOOKMARK [2][-]{subsection.2.456}{\376\377\000T\000H\000E\000\040\000A\000L\000L\000I\000A\000N\000C\000E\000\040\000F\000O\000R\000\040\000S\000U\000S\000T\000A\000I\000N\000A\000B\000L\000E\000\040\000E\000N\000E\000R\000G\000Y\000:}{section.2}% 462
\BOOKMARK [2][-]{subsection.2.457}{\376\377\000T\000H\000E\000\040\000C\000U\000R\000A\000T\000O\000R\000S\000\040\000O\000F\000\040\000T\000H\000E\000\040\000U\000N\000I\000V\000E\000R\000S\000I\000T\000Y\000\040\000O\000F\000\040\000M\000I\000S\000S\000O\000U\000R\000I\000/\000M\000I\000S\000S\000O\000U\000R\000I\000\040\000U\000N\000I\000V\000E\000R\000S\000I\000T\000Y\000\040\000O\000F\000\040\000S\000C\000I\000E\000N\000C\000E\000\040\000A\000N\000D\000\040\000T\000E\000C\000H\000N\000O\000L\000O\000G\000Y\000:}{section.2}% 463
\BOOKMARK [2][-]{subsection.2.458}{\376\377\000T\000H\000E\000\040\000F\000L\000O\000R\000I\000D\000A\000\040\000S\000T\000A\000T\000E\000\040\000U\000N\000I\000V\000E\000R\000S\000I\000T\000Y\000:}{section.2}% 464
\BOOKMARK [2][-]{subsection.2.459}{\376\377\000T\000H\000E\000\040\000L\000E\000L\000A\000N\000D\000\040\000S\000T\000A\000N\000F\000O\000R\000D\000\040\000J\000R\000\040\000U\000N\000I\000V\000E\000R\000S\000I\000T\000Y\000:}{section.2}% 465
\BOOKMARK [2][-]{subsection.2.460}{\376\377\000T\000H\000E\000\040\000T\000R\000U\000S\000T\000E\000E\000S\000\040\000O\000F\000\040\000P\000R\000E\000T\000O\000N\000\040\000U\000N\000I\000V\000E\000R\000S\000I\000T\000Y\000:}{section.2}% 466
\BOOKMARK [2][-]{subsection.2.461}{\376\377\000T\000H\000E\000\040\000U\000N\000I\000V\000E\000R\000S\000I\000T\000Y\000\040\000O\000F\000\040\000S\000O\000U\000T\000H\000E\000R\000N\000\040\000C\000A\000L\000I\000F\000O\000R\000N\000I\000A\000:}{section.2}% 467
\BOOKMARK [2][-]{subsection.2.462}{\376\377\000T\000H\000E\000\040\000U\000N\000I\000V\000E\000R\000S\000I\000T\000Y\000\040\000O\000F\000\040\000T\000E\000N\000N\000E\000S\000S\000E\000E\000:}{section.2}% 468
\BOOKMARK [2][-]{subsection.2.463}{\376\377\000T\000H\000E\000\040\000U\000N\000I\000V\000E\000R\000S\000I\000T\000Y\000\040\000O\000F\000\040\000V\000I\000R\000G\000I\000N\000I\000A\000:}{section.2}% 469
\BOOKMARK [2][-]{subsection.2.464}{\376\377\000T\000M\000E\000I\000C\000\040\000C\000O\000R\000P\000O\000R\000A\000T\000I\000O\000N\000:}{section.2}% 470
\BOOKMARK [2][-]{subsection.2.465}{\376\377\000T\000R\000A\000C\000K\000O\000N\000O\000M\000Y\000\040\000S\000Y\000S\000T\000E\000M\000S\000:}{section.2}% 471
\BOOKMARK [2][-]{subsection.2.466}{\376\377\000T\000R\000A\000N\000S\000P\000O\000R\000T\000A\000T\000I\000O\000N\000\040\000T\000E\000C\000H\000N\000O\000L\000O\000G\000Y\000\040\000C\000E\000N\000T\000E\000R\000:}{section.2}% 472
\BOOKMARK [2][-]{subsection.2.467}{\376\377\000T\000R\000C\000\040\000E\000N\000G\000I\000N\000E\000E\000R\000S\000:}{section.2}% 473
\BOOKMARK [2][-]{subsection.2.468}{\376\377\000T\000R\000I\000N\000I\000T\000Y\000\040\000C\000O\000N\000S\000U\000L\000T\000A\000N\000T\000S\000:}{section.2}% 474
\BOOKMARK [2][-]{subsection.2.469}{\376\377\000T\000S\000M\000C\000\040\000A\000R\000I\000Z\000O\000N\000A\000\040\000C\000O\000R\000P\000O\000R\000A\000T\000I\000O\000N\000:}{section.2}% 475
\BOOKMARK [2][-]{subsection.2.470}{\376\377\000T\000S\000M\000C\000\040\000T\000E\000C\000H\000N\000O\000L\000O\000G\000Y\000:}{section.2}% 476
\BOOKMARK [2][-]{subsection.2.471}{\376\377\000T\000U\000S\000I\000M\000P\000L\000E\000:}{section.2}% 477
\BOOKMARK [2][-]{subsection.2.472}{\376\377\000U\000C\000H\000I\000C\000A\000G\000O\000\040\000A\000R\000G\000O\000N\000N\000E\000:}{section.2}% 478
\BOOKMARK [2][-]{subsection.2.473}{\376\377\000U\000H\000N\000D\000E\000R\000:}{section.2}% 479
\BOOKMARK [2][-]{subsection.2.474}{\376\377\000U\000L\000:}{section.2}% 480
\BOOKMARK [2][-]{subsection.2.475}{\376\377\000U\000L\000K\000A\000S\000E\000M\000I\000:}{section.2}% 481
\BOOKMARK [2][-]{subsection.2.476}{\376\377\000U\000M\000L\000A\000U\000T\000:}{section.2}% 482
\BOOKMARK [2][-]{subsection.2.477}{\376\377\000U\000N\000I\000F\000I\000E\000D\000\040\000B\000U\000S\000I\000N\000E\000S\000S\000\040\000T\000E\000C\000H\000N\000O\000L\000O\000G\000I\000E\000S\000:}{section.2}% 483
\BOOKMARK [2][-]{subsection.2.478}{\376\377\000U\000N\000I\000T\000E\000D\000\040\000S\000O\000R\000T\000A\000T\000I\000O\000N\000\040\000S\000O\000L\000U\000T\000I\000O\000N\000S\000:}{section.2}% 484
\BOOKMARK [2][-]{subsection.2.479}{\376\377\000U\000N\000I\000V\000E\000R\000S\000I\000T\000Y\000\040\000O\000F\000\040\000C\000A\000L\000I\000F\000O\000R\000N\000I\000A\000\040\000B\000E\000R\000K\000E\000L\000E\000Y\000:}{section.2}% 485
\BOOKMARK [2][-]{subsection.2.480}{\376\377\000U\000N\000I\000V\000E\000R\000S\000I\000T\000Y\000\040\000O\000F\000\040\000C\000O\000L\000O\000R\000A\000D\000O\000:}{section.2}% 486
\BOOKMARK [2][-]{subsection.2.481}{\376\377\000U\000T\000-\000B\000A\000T\000T\000E\000L\000L\000E\000\040\000\050\000O\000A\000K\000\040\000R\000I\000D\000G\000E\000\040\000N\000A\000T\000I\000O\000N\000A\000L\000\040\000L\000A\000B\000O\000R\000A\000T\000O\000R\000Y\000\051\000:}{section.2}% 487
\BOOKMARK [2][-]{subsection.2.482}{\376\377\000V\000A\000L\000E\000O\000\040\000N\000O\000R\000T\000H\000\040\000A\000M\000E\000R\000I\000C\000A\000:}{section.2}% 488
\BOOKMARK [2][-]{subsection.2.483}{\376\377\000V\000A\000N\000D\000E\000R\000L\000A\000N\000D\000E\000\040\000I\000N\000D\000U\000S\000T\000R\000I\000E\000S\000:}{section.2}% 489
\BOOKMARK [2][-]{subsection.2.484}{\376\377\000V\000A\000R\000I\000A\000N\000\040\000M\000E\000D\000I\000C\000A\000L\000\040\000S\000Y\000S\000T\000E\000M\000S\000:}{section.2}% 490
\BOOKMARK [2][-]{subsection.2.485}{\376\377\000V\000E\000D\000A\000N\000T\000A\000\040\000T\000E\000L\000E\000C\000O\000M\000:}{section.2}% 491
\BOOKMARK [2][-]{subsection.2.486}{\376\377\000V\000E\000L\000O\000D\000Y\000N\000E\000\040\000L\000I\000D\000A\000R\000:}{section.2}% 492
\BOOKMARK [2][-]{subsection.2.487}{\376\377\000V\000E\000O\000N\000E\000E\000R\000\040\000U\000S\000:}{section.2}% 493
\BOOKMARK [2][-]{subsection.2.488}{\376\377\000V\000E\000R\000V\000E\000B\000A\000\040\000T\000E\000L\000E\000C\000O\000M\000:}{section.2}% 494
\BOOKMARK [2][-]{subsection.2.489}{\376\377\000V\000I\000B\000R\000A\000N\000T\000\040\000S\000C\000I\000E\000N\000C\000E\000S\000:}{section.2}% 495
\BOOKMARK [2][-]{subsection.2.490}{\376\377\000V\000I\000C\000O\000R\000\040\000C\000O\000R\000P\000O\000R\000A\000T\000I\000O\000N\000:}{section.2}% 496
\BOOKMARK [2][-]{subsection.2.491}{\376\377\000V\000I\000E\000W\000R\000A\000Y\000\040\000T\000E\000C\000H\000N\000O\000L\000O\000G\000I\000E\000S\000:}{section.2}% 497
\BOOKMARK [2][-]{subsection.2.492}{\376\377\000V\000I\000R\000G\000I\000N\000I\000A\000\040\000E\000L\000E\000C\000T\000R\000I\000C\000\040\000A\000N\000D\000\040\000P\000O\000W\000E\000R\000\040\000C\000O\000M\000P\000A\000N\000Y\000:}{section.2}% 498
\BOOKMARK [2][-]{subsection.2.493}{\376\377\000V\000I\000R\000G\000I\000N\000I\000A\000\040\000P\000O\000L\000Y\000T\000E\000C\000H\000N\000I\000C\000\040\000I\000N\000S\000T\000I\000T\000U\000T\000E\000\040\000\046\000\040\000S\000T\000A\000T\000E\000\040\000U\000N\000I\000V\000E\000R\000S\000I\000T\000Y\000:}{section.2}% 499
\BOOKMARK [2][-]{subsection.2.494}{\376\377\000V\000I\000T\000E\000S\000C\000O\000\040\000T\000E\000C\000H\000N\000O\000L\000O\000G\000I\000E\000S\000\040\000U\000S\000A\000:}{section.2}% 500
\BOOKMARK [2][-]{subsection.2.495}{\376\377\000V\000O\000L\000A\000N\000S\000Y\000S\000:}{section.2}% 501
\BOOKMARK [2][-]{subsection.2.496}{\376\377\000V\000O\000L\000K\000S\000W\000A\000G\000E\000N\000\040\000G\000R\000O\000U\000P\000\040\000O\000F\000\040\000A\000M\000E\000R\000I\000C\000A\000:}{section.2}% 502
\BOOKMARK [2][-]{subsection.2.497}{\376\377\000V\000O\000L\000T\000\040\000M\000A\000N\000A\000G\000E\000M\000E\000N\000T\000\040\000C\000O\000R\000P\000:}{section.2}% 503
\BOOKMARK [2][-]{subsection.2.498}{\376\377\000W\000A\000R\000T\000S\000I\000L\000A\000\040\000N\000O\000R\000T\000H\000\040\000A\000M\000E\000R\000I\000C\000A\000:}{section.2}% 504
\BOOKMARK [2][-]{subsection.2.499}{\376\377\000W\000A\000Y\000M\000O\000:}{section.2}% 505
\BOOKMARK [2][-]{subsection.2.500}{\376\377\000W\000E\000S\000T\000E\000R\000N\000\040\000D\000I\000G\000I\000T\000A\000L\000\040\000T\000E\000C\000H\000N\000O\000L\000O\000G\000I\000E\000S\000:}{section.2}% 506
\BOOKMARK [2][-]{subsection.2.501}{\376\377\000W\000E\000S\000T\000W\000O\000O\000D\000\040\000P\000R\000O\000F\000E\000S\000S\000I\000O\000N\000A\000L\000\040\000S\000E\000R\000V\000I\000C\000E\000S\000:}{section.2}% 507
\BOOKMARK [2][-]{subsection.2.502}{\376\377\000W\000H\000I\000R\000O\000O\000L\000\040\000C\000O\000R\000P\000O\000R\000A\000T\000I\000O\000N\000:}{section.2}% 508
\BOOKMARK [2][-]{subsection.2.503}{\376\377\000W\000I\000P\000R\000O\000\040\000L\000I\000M\000I\000T\000E\000D\000:}{section.2}% 509
\BOOKMARK [2][-]{subsection.2.504}{\376\377\000W\000I\000P\000R\000O\000\040\000V\000L\000S\000I\000\040\000D\000E\000S\000I\000G\000N\000\040\000S\000E\000R\000V\000I\000C\000E\000S\000:}{section.2}% 510
\BOOKMARK [2][-]{subsection.2.505}{\376\377\000W\000M\000\040\000R\000I\000C\000E\000\040\000U\000N\000I\000V\000E\000R\000S\000I\000T\000Y\000:}{section.2}% 511
\BOOKMARK [2][-]{subsection.2.506}{\376\377\000W\000O\000L\000F\000S\000P\000E\000E\000D\000:}{section.2}% 512
\BOOKMARK [2][-]{subsection.2.507}{\376\377\000W\000O\000O\000D\000\040\000G\000R\000O\000U\000P\000\040\000U\000S\000A\000:}{section.2}% 513
\BOOKMARK [2][-]{subsection.2.508}{\376\377\000W\000S\000P\000\040\000U\000S\000A\000:}{section.2}% 514
\BOOKMARK [2][-]{subsection.2.509}{\376\377\000W\000S\000P\000\040\000U\000S\000A\000\040\000B\000U\000I\000L\000D\000I\000N\000G\000S\000:}{section.2}% 515
\BOOKMARK [2][-]{subsection.2.510}{\376\377\000X\000C\000O\000M\000\040\000L\000A\000B\000S\000:}{section.2}% 516
\BOOKMARK [2][-]{subsection.2.511}{\376\377\000X\000D\000I\000N\000:}{section.2}% 517
\BOOKMARK [2][-]{subsection.2.512}{\376\377\000X\000I\000L\000I\000N\000X\000:}{section.2}% 518
\BOOKMARK [2][-]{subsection.2.513}{\376\377\000Y\000O\000K\000O\000G\000A\000W\000A\000\040\000C\000O\000R\000P\000O\000R\000A\000T\000I\000O\000N\000\040\000O\000F\000\040\000A\000M\000E\000R\000I\000C\000A\000:}{section.2}% 519
\BOOKMARK [2][-]{subsection.2.514}{\376\377\000Y\000U\000P\000A\000N\000A\000:}{section.2}% 520
\BOOKMARK [2][-]{subsection.2.515}{\376\377\000Z\000E\000B\000R\000A\000\040\000T\000E\000C\000H\000N\000O\000L\000O\000G\000I\000E\000S\000\040\000C\000O\000R\000P\000O\000R\000A\000T\000I\000O\000N\000:}{section.2}% 521
\BOOKMARK [2][-]{subsection.2.516}{\376\377\000Z\000E\000F\000\040\000S\000C\000I\000E\000N\000T\000I\000F\000I\000C\000:}{section.2}% 522
\BOOKMARK [2][-]{subsection.2.517}{\376\377\000Z\000E\000K\000U\000:}{section.2}% 523
\BOOKMARK [2][-]{subsection.2.518}{\376\377\000Z\000E\000N\000I\000T\000H\000\040\000E\000L\000E\000C\000T\000R\000O\000N\000I\000C\000S\000:}{section.2}% 524
\BOOKMARK [2][-]{subsection.2.519}{\376\377\000Z\000E\000V\000A\000\040\000T\000E\000C\000H\000N\000O\000L\000O\000G\000Y\000:}{section.2}% 525
\BOOKMARK [2][-]{subsection.2.520}{\376\377\000Z\000F\000:}{section.2}% 526
\BOOKMARK [2][-]{subsection.2.521}{\376\377\000Z\000O\000O\000X\000:}{section.2}% 527
